{"message":"Server is listening at port 3000","level":"info"}
{"message":"Server is listening at port 3000","level":"info"}
{"message":"Server is listening at port 3000","level":"info"}
{"message":"Server is listening at port 3000","level":"info"}
{"message":"Server is listening at port 3000","level":"info"}
{"message":"Server is listening at port 3000","level":"info"}
{"message":"Successfully connected to the database","level":"info"}
{"level":"error"}
{"message":"Server is listening at port 3000","level":"info"}
{"message":"Successfully connected to the database","level":"info"}
{"level":"error"}
{"message":"Server is listening at port 3000","level":"info"}
{"message":"Successfully connected to the database","level":"info"}
{"message":"Server is listening at port 3000","level":"info"}
{"message":"Successfully connected to the database","level":"info"}
{"level":"error"}
{"message":"Server is listening at port 3000","level":"info"}
{"message":"Successfully connected to the database","level":"info"}
{"level":"error"}
{"message":"Server is listening at port 3000","level":"info"}
{"message":"Successfully connected to the database","level":"info"}
{"message":"Server is listening at port 3000","level":"info"}
{"message":"Successfully connected to the database","level":"info"}
{"level":"error"}
{"message":"Server is listening at port 3000","level":"info"}
{"message":"Successfully connected to the database","level":"info"}
{"status":404,"level":"error","message":"API_NOT_FOUND API_NOT_FOUND","stack":"Error: API_NOT_FOUND\n    at app.use (D:\\CMP 3rd Year\\Second Sem\\apt\\project\\Blossom\\server\\app\\startup\\routes.js:12:15)\n    at newFn (D:\\CMP 3rd Year\\Second Sem\\apt\\project\\Blossom\\server\\node_modules\\express-async-errors\\index.js:16:20)\n    at Layer.handle [as handle_request] (D:\\CMP 3rd Year\\Second Sem\\apt\\project\\Blossom\\server\\node_modules\\express\\lib\\router\\layer.js:95:5)\n    at trim_prefix (D:\\CMP 3rd Year\\Second Sem\\apt\\project\\Blossom\\server\\node_modules\\express\\lib\\router\\index.js:317:13)\n    at D:\\CMP 3rd Year\\Second Sem\\apt\\project\\Blossom\\server\\node_modules\\express\\lib\\router\\index.js:284:7\n    at param (D:\\CMP 3rd Year\\Second Sem\\apt\\project\\Blossom\\server\\node_modules\\express\\lib\\router\\index.js:354:14)\n    at param (D:\\CMP 3rd Year\\Second Sem\\apt\\project\\Blossom\\server\\node_modules\\express\\lib\\router\\index.js:365:14)\n    at Function.process_params (D:\\CMP 3rd Year\\Second Sem\\apt\\project\\Blossom\\server\\node_modules\\express\\lib\\router\\index.js:410:3)\n    at next (D:\\CMP 3rd Year\\Second Sem\\apt\\project\\Blossom\\server\\node_modules\\express\\lib\\router\\index.js:275:10)\n    at jsonParser (D:\\CMP 3rd Year\\Second Sem\\apt\\project\\Blossom\\server\\node_modules\\body-parser\\lib\\types\\json.js:110:7)\n    at newFn (D:\\CMP 3rd Year\\Second Sem\\apt\\project\\Blossom\\server\\node_modules\\express-async-errors\\index.js:16:20)\n    at Layer.handle [as handle_request] (D:\\CMP 3rd Year\\Second Sem\\apt\\project\\Blossom\\server\\node_modules\\express\\lib\\router\\layer.js:95:5)\n    at trim_prefix (D:\\CMP 3rd Year\\Second Sem\\apt\\project\\Blossom\\server\\node_modules\\express\\lib\\router\\index.js:317:13)\n    at D:\\CMP 3rd Year\\Second Sem\\apt\\project\\Blossom\\server\\node_modules\\express\\lib\\router\\index.js:284:7\n    at Function.process_params (D:\\CMP 3rd Year\\Second Sem\\apt\\project\\Blossom\\server\\node_modules\\express\\lib\\router\\index.js:335:12)\n    at next (D:\\CMP 3rd Year\\Second Sem\\apt\\project\\Blossom\\server\\node_modules\\express\\lib\\router\\index.js:275:10)"}
{"status":404,"level":"error","message":"API_NOT_FOUND API_NOT_FOUND","stack":"Error: API_NOT_FOUND\n    at app.use (D:\\CMP 3rd Year\\Second Sem\\apt\\project\\Blossom\\server\\app\\startup\\routes.js:12:15)\n    at newFn (D:\\CMP 3rd Year\\Second Sem\\apt\\project\\Blossom\\server\\node_modules\\express-async-errors\\index.js:16:20)\n    at Layer.handle [as handle_request] (D:\\CMP 3rd Year\\Second Sem\\apt\\project\\Blossom\\server\\node_modules\\express\\lib\\router\\layer.js:95:5)\n    at trim_prefix (D:\\CMP 3rd Year\\Second Sem\\apt\\project\\Blossom\\server\\node_modules\\express\\lib\\router\\index.js:317:13)\n    at D:\\CMP 3rd Year\\Second Sem\\apt\\project\\Blossom\\server\\node_modules\\express\\lib\\router\\index.js:284:7\n    at param (D:\\CMP 3rd Year\\Second Sem\\apt\\project\\Blossom\\server\\node_modules\\express\\lib\\router\\index.js:354:14)\n    at param (D:\\CMP 3rd Year\\Second Sem\\apt\\project\\Blossom\\server\\node_modules\\express\\lib\\router\\index.js:365:14)\n    at Function.process_params (D:\\CMP 3rd Year\\Second Sem\\apt\\project\\Blossom\\server\\node_modules\\express\\lib\\router\\index.js:410:3)\n    at next (D:\\CMP 3rd Year\\Second Sem\\apt\\project\\Blossom\\server\\node_modules\\express\\lib\\router\\index.js:275:10)\n    at jsonParser (D:\\CMP 3rd Year\\Second Sem\\apt\\project\\Blossom\\server\\node_modules\\body-parser\\lib\\types\\json.js:110:7)\n    at newFn (D:\\CMP 3rd Year\\Second Sem\\apt\\project\\Blossom\\server\\node_modules\\express-async-errors\\index.js:16:20)\n    at Layer.handle [as handle_request] (D:\\CMP 3rd Year\\Second Sem\\apt\\project\\Blossom\\server\\node_modules\\express\\lib\\router\\layer.js:95:5)\n    at trim_prefix (D:\\CMP 3rd Year\\Second Sem\\apt\\project\\Blossom\\server\\node_modules\\express\\lib\\router\\index.js:317:13)\n    at D:\\CMP 3rd Year\\Second Sem\\apt\\project\\Blossom\\server\\node_modules\\express\\lib\\router\\index.js:284:7\n    at Function.process_params (D:\\CMP 3rd Year\\Second Sem\\apt\\project\\Blossom\\server\\node_modules\\express\\lib\\router\\index.js:335:12)\n    at next (D:\\CMP 3rd Year\\Second Sem\\apt\\project\\Blossom\\server\\node_modules\\express\\lib\\router\\index.js:275:10)"}
{"message":"Server is listening at port 3000","level":"info"}
{"message":"Successfully connected to the database","level":"info"}
{"message":"Server is listening at port 3000","level":"info"}
{"message":"Successfully connected to the database","level":"info"}
{"message":"Server is listening at port 3000","level":"info"}
{"message":"Successfully connected to the database","level":"info"}
{"message":"Server is listening at port 3000","level":"info"}
{"message":"Successfully connected to the database","level":"info"}
{"message":"Server is listening at port 3000","level":"info"}
{"message":"Successfully connected to the database","level":"info"}
{"message":"Server is listening at port 3000","level":"info"}
{"message":"Successfully connected to the database","level":"info"}
{"message":"Server is listening at port 3000","level":"info"}
{"message":"Successfully connected to the database","level":"info"}
{"message":"Server is listening at port 3000","level":"info"}
{"message":"Successfully connected to the database","level":"info"}
{"message":"Server is listening at port 3000","level":"info"}
{"message":"Successfully connected to the database","level":"info"}
{"message":"Server is listening at port 3000","level":"info"}
{"message":"Successfully connected to the database","level":"info"}
{"message":"Server is listening at port 3000","level":"info"}
{"errno":"ECONNREFUSED","code":"ECONNREFUSED","syscall":"connect","address":"127.0.0.1","port":6379,"level":"error","message":"Redis connection to 127.0.0.1:6379 failed - connect ECONNREFUSED 127.0.0.1:6379 Redis connection to 127.0.0.1:6379 failed - connect ECONNREFUSED 127.0.0.1:6379","stack":"Error: Redis connection to 127.0.0.1:6379 failed - connect ECONNREFUSED 127.0.0.1:6379\n    at TCPConnectWrap.afterConnect [as oncomplete] (net.js:1106:14)"}
{"message":"Server is listening at port 3000","level":"info"}
{"errno":"ECONNREFUSED","code":"ECONNREFUSED","syscall":"connect","address":"127.0.0.1","port":6379,"level":"error","message":"Redis connection to 127.0.0.1:6379 failed - connect ECONNREFUSED 127.0.0.1:6379 Redis connection to 127.0.0.1:6379 failed - connect ECONNREFUSED 127.0.0.1:6379","stack":"Error: Redis connection to 127.0.0.1:6379 failed - connect ECONNREFUSED 127.0.0.1:6379\n    at TCPConnectWrap.afterConnect [as oncomplete] (net.js:1106:14)"}
{"message":"Server is listening at port 3000","level":"info"}
{"message":"Successfully connected to the database","level":"info"}
{"level":"error","message":"data and salt arguments required data and salt arguments required","stack":"Error: data and salt arguments required\n    at Object.hash (D:\\CMP 3rd Year\\Second Sem\\apt\\project\\Blossom\\server\\node_modules\\bcrypt\\bcrypt.js:137:17)\n    at D:\\CMP 3rd Year\\Second Sem\\apt\\project\\Blossom\\server\\node_modules\\bcrypt\\promises.js:29:12\n    at new Promise (<anonymous>)\n    at Object.module.exports.promise (D:\\CMP 3rd Year\\Second Sem\\apt\\project\\Blossom\\server\\node_modules\\bcrypt\\promises.js:20:12)\n    at Object.hash (D:\\CMP 3rd Year\\Second Sem\\apt\\project\\Blossom\\server\\node_modules\\bcrypt\\bcrypt.js:133:25)\n    at Object.createUser (D:\\CMP 3rd Year\\Second Sem\\apt\\project\\Blossom\\server\\app\\db\\queries\\user.queries.js:20:35)"}
{"message":"Server is listening at port 3000","level":"info"}
{"message":"Successfully connected to the database","level":"info"}
{"message":"Server is listening at port 3000","level":"info"}
{"message":"Successfully connected to the database","level":"info"}
{"message":"Server is listening at port 3000","level":"info"}
{"message":"Successfully connected to the database","level":"info"}
{"stringValue":"\"nada@gmail.com\"","kind":"ObjectId","value":"nada@gmail.com","path":"_id","reason":{},"level":"error","message":"Cast to ObjectId failed for value \"nada@gmail.com\" at path \"_id\" for model \"User\" Cast to ObjectId failed for value \"nada@gmail.com\" at path \"_id\" for model \"User\"","stack":"CastError: Cast to ObjectId failed for value \"nada@gmail.com\" at path \"_id\" for model \"User\"\n    at model.Query.exec (D:\\CMP 3rd Year\\Second Sem\\apt\\project\\Blossom\\server\\node_modules\\mongoose\\lib\\query.js:4408:21)\n    at model.Query.Query.then (D:\\CMP 3rd Year\\Second Sem\\apt\\project\\Blossom\\server\\node_modules\\mongoose\\lib\\query.js:4502:15)\n    at process._tickCallback (internal/process/next_tick.js:68:7)"}
{"message":"Server is listening at port 3000","level":"info"}
{"message":"Successfully connected to the database","level":"info"}
{"level":"error","message":"data and hash arguments required data and hash arguments required","stack":"Error: data and hash arguments required\n    at Object.compare (D:\\CMP 3rd Year\\Second Sem\\apt\\project\\Blossom\\server\\node_modules\\bcrypt\\bcrypt.js:208:17)\n    at D:\\CMP 3rd Year\\Second Sem\\apt\\project\\Blossom\\server\\node_modules\\bcrypt\\promises.js:29:12\n    at new Promise (<anonymous>)\n    at Object.module.exports.promise (D:\\CMP 3rd Year\\Second Sem\\apt\\project\\Blossom\\server\\node_modules\\bcrypt\\promises.js:20:12)\n    at Object.compare (D:\\CMP 3rd Year\\Second Sem\\apt\\project\\Blossom\\server\\node_modules\\bcrypt\\bcrypt.js:204:25)\n    at model.UserSchema.methods.comparePassword (D:\\CMP 3rd Year\\Second Sem\\apt\\project\\Blossom\\server\\app\\db\\models\\user.model.js:81:32)\n    at Object.comparePassword (D:\\CMP 3rd Year\\Second Sem\\apt\\project\\Blossom\\server\\app\\db\\queries\\user.queries.js:14:38)\n    at Object.login (D:\\CMP 3rd Year\\Second Sem\\apt\\project\\Blossom\\server\\app\\services\\auth.service.js:13:42)\n    at process._tickCallback (internal/process/next_tick.js:68:7)"}
{"message":"Server is listening at port 3000","level":"info"}
{"message":"Successfully connected to the database","level":"info"}
{"level":"error","message":"Cannot read property 'comparePassword' of undefined Cannot read property 'comparePassword' of undefined","stack":"TypeError: Cannot read property 'comparePassword' of undefined\n    at Object.comparePassword (D:\\CMP 3rd Year\\Second Sem\\apt\\project\\Blossom\\server\\app\\db\\queries\\user.queries.js:14:46)\n    at Object.login (D:\\CMP 3rd Year\\Second Sem\\apt\\project\\Blossom\\server\\app\\services\\auth.service.js:13:42)\n    at process._tickCallback (internal/process/next_tick.js:68:7)"}
{"message":"Server is listening at port 3000","level":"info"}
{"message":"Successfully connected to the database","level":"info"}
{"message":"Server is listening at port 3000","level":"info"}
{"message":"Successfully connected to the database","level":"info"}
{"level":"error","message":"data and hash arguments required data and hash arguments required","stack":"Error: data and hash arguments required\n    at Object.compare (D:\\CMP 3rd Year\\Second Sem\\apt\\project\\Blossom\\server\\node_modules\\bcrypt\\bcrypt.js:208:17)\n    at D:\\CMP 3rd Year\\Second Sem\\apt\\project\\Blossom\\server\\node_modules\\bcrypt\\promises.js:29:12\n    at new Promise (<anonymous>)\n    at Object.module.exports.promise (D:\\CMP 3rd Year\\Second Sem\\apt\\project\\Blossom\\server\\node_modules\\bcrypt\\promises.js:20:12)\n    at Object.compare (D:\\CMP 3rd Year\\Second Sem\\apt\\project\\Blossom\\server\\node_modules\\bcrypt\\bcrypt.js:204:25)\n    at model.UserSchema.methods.comparePassword (D:\\CMP 3rd Year\\Second Sem\\apt\\project\\Blossom\\server\\app\\db\\models\\user.model.js:82:32)\n    at Object.comparePassword (D:\\CMP 3rd Year\\Second Sem\\apt\\project\\Blossom\\server\\app\\db\\queries\\user.queries.js:14:38)\n    at Object.login (D:\\CMP 3rd Year\\Second Sem\\apt\\project\\Blossom\\server\\app\\services\\auth.service.js:13:42)\n    at process._tickCallback (internal/process/next_tick.js:68:7)"}
{"message":"Server is listening at port 3000","level":"info"}
{"message":"Successfully connected to the database","level":"info"}
{"message":"Server is listening at port 3000","level":"info"}
{"message":"Successfully connected to the database","level":"info"}
{"level":"error","message":"data and hash arguments required data and hash arguments required","stack":"Error: data and hash arguments required\n    at Object.compare (D:\\CMP 3rd Year\\Second Sem\\apt\\project\\Blossom\\server\\node_modules\\bcrypt\\bcrypt.js:208:17)\n    at D:\\CMP 3rd Year\\Second Sem\\apt\\project\\Blossom\\server\\node_modules\\bcrypt\\promises.js:29:12\n    at new Promise (<anonymous>)\n    at Object.module.exports.promise (D:\\CMP 3rd Year\\Second Sem\\apt\\project\\Blossom\\server\\node_modules\\bcrypt\\promises.js:20:12)\n    at Object.compare (D:\\CMP 3rd Year\\Second Sem\\apt\\project\\Blossom\\server\\node_modules\\bcrypt\\bcrypt.js:204:25)\n    at model.UserSchema.methods.comparePassword (D:\\CMP 3rd Year\\Second Sem\\apt\\project\\Blossom\\server\\app\\db\\models\\user.model.js:82:32)\n    at Object.comparePassword (D:\\CMP 3rd Year\\Second Sem\\apt\\project\\Blossom\\server\\app\\db\\queries\\user.queries.js:14:38)\n    at Object.login (D:\\CMP 3rd Year\\Second Sem\\apt\\project\\Blossom\\server\\app\\services\\auth.service.js:13:42)\n    at process._tickCallback (internal/process/next_tick.js:68:7)"}
{"message":"Server is listening at port 3000","level":"info"}
{"message":"Successfully connected to the database","level":"info"}
{"level":"error","message":"data and hash arguments required data and hash arguments required","stack":"Error: data and hash arguments required\n    at Object.compare (D:\\CMP 3rd Year\\Second Sem\\apt\\project\\Blossom\\server\\node_modules\\bcrypt\\bcrypt.js:208:17)\n    at D:\\CMP 3rd Year\\Second Sem\\apt\\project\\Blossom\\server\\node_modules\\bcrypt\\promises.js:29:12\n    at new Promise (<anonymous>)\n    at Object.module.exports.promise (D:\\CMP 3rd Year\\Second Sem\\apt\\project\\Blossom\\server\\node_modules\\bcrypt\\promises.js:20:12)\n    at Object.compare (D:\\CMP 3rd Year\\Second Sem\\apt\\project\\Blossom\\server\\node_modules\\bcrypt\\bcrypt.js:204:25)\n    at model.UserSchema.methods.comparePassword (D:\\CMP 3rd Year\\Second Sem\\apt\\project\\Blossom\\server\\app\\db\\models\\user.model.js:81:32)\n    at Object.comparePassword (D:\\CMP 3rd Year\\Second Sem\\apt\\project\\Blossom\\server\\app\\db\\queries\\user.queries.js:14:38)\n    at Object.login (D:\\CMP 3rd Year\\Second Sem\\apt\\project\\Blossom\\server\\app\\services\\auth.service.js:13:42)\n    at process._tickCallback (internal/process/next_tick.js:68:7)"}
{"message":"Server is listening at port 3000","level":"info"}
{"message":"Successfully connected to the database","level":"info"}
{"message":"Server is listening at port 3000","level":"info"}
{"message":"Successfully connected to the database","level":"info"}
{"level":"error","message":"Expected \"payload\" to be a plain object. Expected \"payload\" to be a plain object.","stack":"Error: Expected \"payload\" to be a plain object.\n    at validate (D:\\CMP 3rd Year\\Second Sem\\apt\\project\\Blossom\\server\\node_modules\\jsonwebtoken\\sign.js:40:11)\n    at validatePayload (D:\\CMP 3rd Year\\Second Sem\\apt\\project\\Blossom\\server\\node_modules\\jsonwebtoken\\sign.js:62:10)\n    at Object.module.exports [as sign] (D:\\CMP 3rd Year\\Second Sem\\apt\\project\\Blossom\\server\\node_modules\\jsonwebtoken\\sign.js:114:7)\n    at Object.login (D:\\CMP 3rd Year\\Second Sem\\apt\\project\\Blossom\\server\\app\\services\\auth.service.js:15:33)"}
{"message":"Server is listening at port 3000","level":"info"}
{"message":"Successfully connected to the database","level":"info"}
{"message":"Server is listening at port 3000","level":"info"}
{"message":"Successfully connected to the database","level":"info"}
{"message":"Server is listening at port 3000","level":"info"}
{"message":"Successfully connected to the database","level":"info"}
{"message":"Server is listening at port 3000","level":"info"}
{"message":"Server is listening at port 3000","level":"info"}
{"message":"Server is listening at port 3000","level":"info"}
{"message":"Successfully connected to the database","level":"info"}
{"message":"Server is listening at port 3000","level":"info"}
{"message":"Successfully connected to the database","level":"info"}
{"message":"Server is listening at port 3000","level":"info"}
{"message":"Successfully connected to the database","level":"info"}
{"message":"Server is listening at port 3000","level":"info"}
{"message":"Server is listening at port 3000","level":"info"}
{"message":"Successfully connected to the database","level":"info"}
{"message":"Server is listening at port 3000","level":"info"}
{"message":"Successfully connected to the database","level":"info"}
{"message":"Server is listening at port 3000","level":"info"}
{"message":"Successfully connected to the database","level":"info"}
{"message":"Server is listening at port 3000","level":"info"}
{"message":"Successfully connected to the database","level":"info"}
{"message":"Server is listening at port 3000","level":"info"}
{"message":"Successfully connected to the database","level":"info"}
{"message":"Server is listening at port 3000","level":"info"}
{"message":"Successfully connected to the database","level":"info"}
{"message":"Server is listening at port 3000","level":"info"}
{"message":"Successfully connected to the database","level":"info"}
{"level":"error","message":"Assignment to constant variable. Assignment to constant variable.","stack":"TypeError: Assignment to constant variable.\n    at Object.login (D:\\CMP 3rd Year\\Second Sem\\apt\\project\\Blossom\\server\\app\\services\\auth.service.js:20:24)\n    at process._tickCallback (internal/process/next_tick.js:68:7)"}
{"message":"Server is listening at port 3000","level":"info"}
{"message":"Successfully connected to the database","level":"info"}
{"message":"Server is listening at port 3000","level":"info"}
{"message":"Successfully connected to the database","level":"info"}
{"message":"Server is listening at port 3000","level":"info"}
{"message":"Successfully connected to the database","level":"info"}
{"message":"Server is listening at port 3000","level":"info"}
{"message":"Successfully connected to the database","level":"info"}
{"level":"error","message":"UserModel.findById(...).aggregate is not a function UserModel.findById(...).aggregate is not a function","stack":"TypeError: UserModel.findById(...).aggregate is not a function\n    at Object.getUserInfo (D:\\college\\third year\\arch\\Blossom\\server\\app\\db\\queries\\user.queries.js:43:8)\n    at Object.getUser (D:\\college\\third year\\arch\\Blossom\\server\\app\\services\\user.service.js:14:35)\n    at getUser (D:\\college\\third year\\arch\\Blossom\\server\\app\\controllers\\user.controller.js:14:36)\n    at newFn (D:\\college\\third year\\arch\\Blossom\\server\\node_modules\\express-async-errors\\index.js:16:20)\n    at Layer.handle [as handle_request] (D:\\college\\third year\\arch\\Blossom\\server\\node_modules\\express\\lib\\router\\layer.js:95:5)\n    at next (D:\\college\\third year\\arch\\Blossom\\server\\node_modules\\express\\lib\\router\\route.js:137:13)\n    at Route.dispatch (D:\\college\\third year\\arch\\Blossom\\server\\node_modules\\express\\lib\\router\\route.js:112:3)\n    at newFn (D:\\college\\third year\\arch\\Blossom\\server\\node_modules\\express-async-errors\\index.js:16:20)\n    at Layer.handle [as handle_request] (D:\\college\\third year\\arch\\Blossom\\server\\node_modules\\express\\lib\\router\\layer.js:95:5)\n    at D:\\college\\third year\\arch\\Blossom\\server\\node_modules\\express\\lib\\router\\index.js:281:22\n    at param (D:\\college\\third year\\arch\\Blossom\\server\\node_modules\\express\\lib\\router\\index.js:354:14)\n    at param (D:\\college\\third year\\arch\\Blossom\\server\\node_modules\\express\\lib\\router\\index.js:365:14)\n    at Function.process_params (D:\\college\\third year\\arch\\Blossom\\server\\node_modules\\express\\lib\\router\\index.js:410:3)\n    at next (D:\\college\\third year\\arch\\Blossom\\server\\node_modules\\express\\lib\\router\\index.js:275:10)\n    at Function.handle (D:\\college\\third year\\arch\\Blossom\\server\\node_modules\\express\\lib\\router\\index.js:174:3)\n    at router (D:\\college\\third year\\arch\\Blossom\\server\\node_modules\\express\\lib\\router\\index.js:47:12)"}
{"message":"Server is listening at port 3000","level":"info"}
{"message":"Successfully connected to the database","level":"info"}
{"level":"error","message":"UserModel.findById(...).aggregate is not a function UserModel.findById(...).aggregate is not a function","stack":"TypeError: UserModel.findById(...).aggregate is not a function\n    at Object.getUserInfo (D:\\college\\third year\\arch\\Blossom\\server\\app\\db\\queries\\user.queries.js:43:8)\n    at Object.getUser (D:\\college\\third year\\arch\\Blossom\\server\\app\\services\\user.service.js:14:35)\n    at getUser (D:\\college\\third year\\arch\\Blossom\\server\\app\\controllers\\user.controller.js:14:36)\n    at newFn (D:\\college\\third year\\arch\\Blossom\\server\\node_modules\\express-async-errors\\index.js:16:20)\n    at Layer.handle [as handle_request] (D:\\college\\third year\\arch\\Blossom\\server\\node_modules\\express\\lib\\router\\layer.js:95:5)\n    at next (D:\\college\\third year\\arch\\Blossom\\server\\node_modules\\express\\lib\\router\\route.js:137:13)\n    at Route.dispatch (D:\\college\\third year\\arch\\Blossom\\server\\node_modules\\express\\lib\\router\\route.js:112:3)\n    at newFn (D:\\college\\third year\\arch\\Blossom\\server\\node_modules\\express-async-errors\\index.js:16:20)\n    at Layer.handle [as handle_request] (D:\\college\\third year\\arch\\Blossom\\server\\node_modules\\express\\lib\\router\\layer.js:95:5)\n    at D:\\college\\third year\\arch\\Blossom\\server\\node_modules\\express\\lib\\router\\index.js:281:22\n    at param (D:\\college\\third year\\arch\\Blossom\\server\\node_modules\\express\\lib\\router\\index.js:354:14)\n    at param (D:\\college\\third year\\arch\\Blossom\\server\\node_modules\\express\\lib\\router\\index.js:365:14)\n    at Function.process_params (D:\\college\\third year\\arch\\Blossom\\server\\node_modules\\express\\lib\\router\\index.js:410:3)\n    at next (D:\\college\\third year\\arch\\Blossom\\server\\node_modules\\express\\lib\\router\\index.js:275:10)\n    at Function.handle (D:\\college\\third year\\arch\\Blossom\\server\\node_modules\\express\\lib\\router\\index.js:174:3)\n    at router (D:\\college\\third year\\arch\\Blossom\\server\\node_modules\\express\\lib\\router\\index.js:47:12)"}
{"message":"Server is listening at port 3000","level":"info"}
{"message":"Successfully connected to the database","level":"info"}
{"level":"error","message":"UserModel.findById(...).aggregate is not a function UserModel.findById(...).aggregate is not a function","stack":"TypeError: UserModel.findById(...).aggregate is not a function\n    at Object.getUserInfo (D:\\college\\third year\\arch\\Blossom\\server\\app\\db\\queries\\user.queries.js:47:8)\n    at Object.getUser (D:\\college\\third year\\arch\\Blossom\\server\\app\\services\\user.service.js:14:35)\n    at getUser (D:\\college\\third year\\arch\\Blossom\\server\\app\\controllers\\user.controller.js:14:36)\n    at newFn (D:\\college\\third year\\arch\\Blossom\\server\\node_modules\\express-async-errors\\index.js:16:20)\n    at Layer.handle [as handle_request] (D:\\college\\third year\\arch\\Blossom\\server\\node_modules\\express\\lib\\router\\layer.js:95:5)\n    at next (D:\\college\\third year\\arch\\Blossom\\server\\node_modules\\express\\lib\\router\\route.js:137:13)\n    at Route.dispatch (D:\\college\\third year\\arch\\Blossom\\server\\node_modules\\express\\lib\\router\\route.js:112:3)\n    at newFn (D:\\college\\third year\\arch\\Blossom\\server\\node_modules\\express-async-errors\\index.js:16:20)\n    at Layer.handle [as handle_request] (D:\\college\\third year\\arch\\Blossom\\server\\node_modules\\express\\lib\\router\\layer.js:95:5)\n    at D:\\college\\third year\\arch\\Blossom\\server\\node_modules\\express\\lib\\router\\index.js:281:22\n    at param (D:\\college\\third year\\arch\\Blossom\\server\\node_modules\\express\\lib\\router\\index.js:354:14)\n    at param (D:\\college\\third year\\arch\\Blossom\\server\\node_modules\\express\\lib\\router\\index.js:365:14)\n    at Function.process_params (D:\\college\\third year\\arch\\Blossom\\server\\node_modules\\express\\lib\\router\\index.js:410:3)\n    at next (D:\\college\\third year\\arch\\Blossom\\server\\node_modules\\express\\lib\\router\\index.js:275:10)\n    at Function.handle (D:\\college\\third year\\arch\\Blossom\\server\\node_modules\\express\\lib\\router\\index.js:174:3)\n    at router (D:\\college\\third year\\arch\\Blossom\\server\\node_modules\\express\\lib\\router\\index.js:47:12)"}
{"message":"Server is listening at port 3000","level":"info"}
{"message":"Successfully connected to the database","level":"info"}
{"level":"error","message":"UserModel.findById(...).aggregate is not a function UserModel.findById(...).aggregate is not a function","stack":"TypeError: UserModel.findById(...).aggregate is not a function\n    at Object.getUserInfo (D:\\college\\third year\\arch\\Blossom\\server\\app\\db\\queries\\user.queries.js:47:8)\n    at Object.getUser (D:\\college\\third year\\arch\\Blossom\\server\\app\\services\\user.service.js:14:35)\n    at getUser (D:\\college\\third year\\arch\\Blossom\\server\\app\\controllers\\user.controller.js:14:36)\n    at newFn (D:\\college\\third year\\arch\\Blossom\\server\\node_modules\\express-async-errors\\index.js:16:20)\n    at Layer.handle [as handle_request] (D:\\college\\third year\\arch\\Blossom\\server\\node_modules\\express\\lib\\router\\layer.js:95:5)\n    at next (D:\\college\\third year\\arch\\Blossom\\server\\node_modules\\express\\lib\\router\\route.js:137:13)\n    at Route.dispatch (D:\\college\\third year\\arch\\Blossom\\server\\node_modules\\express\\lib\\router\\route.js:112:3)\n    at newFn (D:\\college\\third year\\arch\\Blossom\\server\\node_modules\\express-async-errors\\index.js:16:20)\n    at Layer.handle [as handle_request] (D:\\college\\third year\\arch\\Blossom\\server\\node_modules\\express\\lib\\router\\layer.js:95:5)\n    at D:\\college\\third year\\arch\\Blossom\\server\\node_modules\\express\\lib\\router\\index.js:281:22\n    at param (D:\\college\\third year\\arch\\Blossom\\server\\node_modules\\express\\lib\\router\\index.js:354:14)\n    at param (D:\\college\\third year\\arch\\Blossom\\server\\node_modules\\express\\lib\\router\\index.js:365:14)\n    at Function.process_params (D:\\college\\third year\\arch\\Blossom\\server\\node_modules\\express\\lib\\router\\index.js:410:3)\n    at next (D:\\college\\third year\\arch\\Blossom\\server\\node_modules\\express\\lib\\router\\index.js:275:10)\n    at Function.handle (D:\\college\\third year\\arch\\Blossom\\server\\node_modules\\express\\lib\\router\\index.js:174:3)\n    at router (D:\\college\\third year\\arch\\Blossom\\server\\node_modules\\express\\lib\\router\\index.js:47:12)"}
{"message":"Server is listening at port 3000","level":"info"}
{"message":"Successfully connected to the database","level":"info"}
{"level":"error","message":"Cannot read property 'findById' of undefined Cannot read property 'findById' of undefined","stack":"TypeError: Cannot read property 'findById' of undefined\n    at Object.getUserInfo (D:\\college\\third year\\arch\\Blossom\\server\\app\\db\\queries\\user.queries.js:46:39)\n    at Object.getUser (D:\\college\\third year\\arch\\Blossom\\server\\app\\services\\user.service.js:14:35)\n    at getUser (D:\\college\\third year\\arch\\Blossom\\server\\app\\controllers\\user.controller.js:14:36)\n    at newFn (D:\\college\\third year\\arch\\Blossom\\server\\node_modules\\express-async-errors\\index.js:16:20)\n    at Layer.handle [as handle_request] (D:\\college\\third year\\arch\\Blossom\\server\\node_modules\\express\\lib\\router\\layer.js:95:5)\n    at next (D:\\college\\third year\\arch\\Blossom\\server\\node_modules\\express\\lib\\router\\route.js:137:13)\n    at Route.dispatch (D:\\college\\third year\\arch\\Blossom\\server\\node_modules\\express\\lib\\router\\route.js:112:3)\n    at newFn (D:\\college\\third year\\arch\\Blossom\\server\\node_modules\\express-async-errors\\index.js:16:20)\n    at Layer.handle [as handle_request] (D:\\college\\third year\\arch\\Blossom\\server\\node_modules\\express\\lib\\router\\layer.js:95:5)\n    at D:\\college\\third year\\arch\\Blossom\\server\\node_modules\\express\\lib\\router\\index.js:281:22\n    at param (D:\\college\\third year\\arch\\Blossom\\server\\node_modules\\express\\lib\\router\\index.js:354:14)\n    at param (D:\\college\\third year\\arch\\Blossom\\server\\node_modules\\express\\lib\\router\\index.js:365:14)\n    at Function.process_params (D:\\college\\third year\\arch\\Blossom\\server\\node_modules\\express\\lib\\router\\index.js:410:3)\n    at next (D:\\college\\third year\\arch\\Blossom\\server\\node_modules\\express\\lib\\router\\index.js:275:10)\n    at Function.handle (D:\\college\\third year\\arch\\Blossom\\server\\node_modules\\express\\lib\\router\\index.js:174:3)\n    at router (D:\\college\\third year\\arch\\Blossom\\server\\node_modules\\express\\lib\\router\\index.js:47:12)"}
{"message":"Server is listening at port 3000","level":"info"}
{"message":"Successfully connected to the database","level":"info"}
{"operationTime":"6956952910408187914","ok":0,"code":17124,"codeName":"Location17124","$clusterTime":{"clusterTime":"6956952910408187914","signature":{"hash":"3H6MI/TRBa5k6lIYpMtGa41u0V8=","keyId":"6955375446229778435"}},"name":"MongoError","level":"error","message":"The argument to $size must be an array, but was of type: missing The argument to $size must be an array, but was of type: missing","stack":"MongoError: The argument to $size must be an array, but was of type: missing\n    at MessageStream.messageHandler (D:\\college\\third year\\arch\\Blossom\\server\\node_modules\\mongodb\\lib\\cmap\\connection.js:268:20)\n    at MessageStream.emit (events.js:198:13)\n    at processIncomingData (D:\\college\\third year\\arch\\Blossom\\server\\node_modules\\mongodb\\lib\\cmap\\message_stream.js:144:12)\n    at MessageStream._write (D:\\college\\third year\\arch\\Blossom\\server\\node_modules\\mongodb\\lib\\cmap\\message_stream.js:42:5)\n    at doWrite (_stream_writable.js:415:12)\n    at writeOrBuffer (_stream_writable.js:399:5)\n    at MessageStream.Writable.write (_stream_writable.js:299:11)\n    at TLSSocket.ondata (_stream_readable.js:709:20)\n    at TLSSocket.emit (events.js:198:13)\n    at addChunk (_stream_readable.js:288:12)\n    at readableAddChunk (_stream_readable.js:269:11)\n    at TLSSocket.Readable.push (_stream_readable.js:224:10)\n    at TLSWrap.onStreamRead [as onread] (internal/stream_base_commons.js:94:17)"}
{"message":"Server is listening at port 3000","level":"info"}
{"message":"Successfully connected to the database","level":"info"}
{"message":"Server is listening at port 3000","level":"info"}
{"message":"Successfully connected to the database","level":"info"}
{"level":"error","message":"UserModel.findById(...).aggregate is not a function UserModel.findById(...).aggregate is not a function","stack":"TypeError: UserModel.findById(...).aggregate is not a function\n    at Object.getUserInfo (D:\\college\\third year\\arch\\Blossom\\server\\app\\db\\queries\\user.queries.js:42:8)\n    at Object.getUser (D:\\college\\third year\\arch\\Blossom\\server\\app\\services\\user.service.js:14:35)\n    at getUser (D:\\college\\third year\\arch\\Blossom\\server\\app\\controllers\\user.controller.js:14:36)\n    at newFn (D:\\college\\third year\\arch\\Blossom\\server\\node_modules\\express-async-errors\\index.js:16:20)\n    at Layer.handle [as handle_request] (D:\\college\\third year\\arch\\Blossom\\server\\node_modules\\express\\lib\\router\\layer.js:95:5)\n    at next (D:\\college\\third year\\arch\\Blossom\\server\\node_modules\\express\\lib\\router\\route.js:137:13)\n    at Route.dispatch (D:\\college\\third year\\arch\\Blossom\\server\\node_modules\\express\\lib\\router\\route.js:112:3)\n    at newFn (D:\\college\\third year\\arch\\Blossom\\server\\node_modules\\express-async-errors\\index.js:16:20)\n    at Layer.handle [as handle_request] (D:\\college\\third year\\arch\\Blossom\\server\\node_modules\\express\\lib\\router\\layer.js:95:5)\n    at D:\\college\\third year\\arch\\Blossom\\server\\node_modules\\express\\lib\\router\\index.js:281:22\n    at param (D:\\college\\third year\\arch\\Blossom\\server\\node_modules\\express\\lib\\router\\index.js:354:14)\n    at param (D:\\college\\third year\\arch\\Blossom\\server\\node_modules\\express\\lib\\router\\index.js:365:14)\n    at Function.process_params (D:\\college\\third year\\arch\\Blossom\\server\\node_modules\\express\\lib\\router\\index.js:410:3)\n    at next (D:\\college\\third year\\arch\\Blossom\\server\\node_modules\\express\\lib\\router\\index.js:275:10)\n    at Function.handle (D:\\college\\third year\\arch\\Blossom\\server\\node_modules\\express\\lib\\router\\index.js:174:3)\n    at router (D:\\college\\third year\\arch\\Blossom\\server\\node_modules\\express\\lib\\router\\index.js:47:12)"}
{"message":"Server is listening at port 3000","level":"info"}
{"level":"error","message":"joi is not defined joi is not defined","stack":"ReferenceError: joi is not defined\n    at Object.getAllUsersPaging (D:\\college\\third year\\arch\\Blossom\\server\\app\\validation\\user.validation.js:4:24)\n    at Object.getAllUsers (D:\\college\\third year\\arch\\Blossom\\server\\app\\services\\user.service.js:7:36)\n    at getAllUsers (D:\\college\\third year\\arch\\Blossom\\server\\app\\controllers\\user.controller.js:6:36)\n    at newFn (D:\\college\\third year\\arch\\Blossom\\server\\node_modules\\express-async-errors\\index.js:16:20)\n    at Layer.handle [as handle_request] (D:\\college\\third year\\arch\\Blossom\\server\\node_modules\\express\\lib\\router\\layer.js:95:5)\n    at next (D:\\college\\third year\\arch\\Blossom\\server\\node_modules\\express\\lib\\router\\route.js:137:13)\n    at Route.dispatch (D:\\college\\third year\\arch\\Blossom\\server\\node_modules\\express\\lib\\router\\route.js:112:3)\n    at newFn (D:\\college\\third year\\arch\\Blossom\\server\\node_modules\\express-async-errors\\index.js:16:20)\n    at Layer.handle [as handle_request] (D:\\college\\third year\\arch\\Blossom\\server\\node_modules\\express\\lib\\router\\layer.js:95:5)\n    at D:\\college\\third year\\arch\\Blossom\\server\\node_modules\\express\\lib\\router\\index.js:281:22\n    at Function.process_params (D:\\college\\third year\\arch\\Blossom\\server\\node_modules\\express\\lib\\router\\index.js:335:12)\n    at next (D:\\college\\third year\\arch\\Blossom\\server\\node_modules\\express\\lib\\router\\index.js:275:10)\n    at Function.handle (D:\\college\\third year\\arch\\Blossom\\server\\node_modules\\express\\lib\\router\\index.js:174:3)\n    at router (D:\\college\\third year\\arch\\Blossom\\server\\node_modules\\express\\lib\\router\\index.js:47:12)\n    at newFn (D:\\college\\third year\\arch\\Blossom\\server\\node_modules\\express-async-errors\\index.js:16:20)\n    at Layer.handle [as handle_request] (D:\\college\\third year\\arch\\Blossom\\server\\node_modules\\express\\lib\\router\\layer.js:95:5)"}
{"message":"Server is listening at port 3000","level":"info"}
{"level":"error","message":"joi is not defined joi is not defined","stack":"ReferenceError: joi is not defined\n    at Object.getAllUsersPaging (D:\\college\\third year\\arch\\Blossom\\server\\app\\validation\\user.validation.js:4:24)\n    at Object.getAllUsers (D:\\college\\third year\\arch\\Blossom\\server\\app\\services\\user.service.js:7:36)\n    at getAllUsers (D:\\college\\third year\\arch\\Blossom\\server\\app\\controllers\\user.controller.js:6:36)\n    at newFn (D:\\college\\third year\\arch\\Blossom\\server\\node_modules\\express-async-errors\\index.js:16:20)\n    at Layer.handle [as handle_request] (D:\\college\\third year\\arch\\Blossom\\server\\node_modules\\express\\lib\\router\\layer.js:95:5)\n    at next (D:\\college\\third year\\arch\\Blossom\\server\\node_modules\\express\\lib\\router\\route.js:137:13)\n    at Route.dispatch (D:\\college\\third year\\arch\\Blossom\\server\\node_modules\\express\\lib\\router\\route.js:112:3)\n    at newFn (D:\\college\\third year\\arch\\Blossom\\server\\node_modules\\express-async-errors\\index.js:16:20)\n    at Layer.handle [as handle_request] (D:\\college\\third year\\arch\\Blossom\\server\\node_modules\\express\\lib\\router\\layer.js:95:5)\n    at D:\\college\\third year\\arch\\Blossom\\server\\node_modules\\express\\lib\\router\\index.js:281:22\n    at Function.process_params (D:\\college\\third year\\arch\\Blossom\\server\\node_modules\\express\\lib\\router\\index.js:335:12)\n    at next (D:\\college\\third year\\arch\\Blossom\\server\\node_modules\\express\\lib\\router\\index.js:275:10)\n    at Function.handle (D:\\college\\third year\\arch\\Blossom\\server\\node_modules\\express\\lib\\router\\index.js:174:3)\n    at router (D:\\college\\third year\\arch\\Blossom\\server\\node_modules\\express\\lib\\router\\index.js:47:12)\n    at newFn (D:\\college\\third year\\arch\\Blossom\\server\\node_modules\\express-async-errors\\index.js:16:20)\n    at Layer.handle [as handle_request] (D:\\college\\third year\\arch\\Blossom\\server\\node_modules\\express\\lib\\router\\layer.js:95:5)"}
{"message":"Server is listening at port 3000","level":"info"}
{"message":"Successfully connected to the database","level":"info"}
{"level":"error","message":"joi is not defined joi is not defined","stack":"ReferenceError: joi is not defined\n    at Object.getAllUsersPaging (D:\\college\\third year\\arch\\Blossom\\server\\app\\validation\\user.validation.js:4:24)\n    at Object.getAllUsers (D:\\college\\third year\\arch\\Blossom\\server\\app\\services\\user.service.js:7:36)\n    at getAllUsers (D:\\college\\third year\\arch\\Blossom\\server\\app\\controllers\\user.controller.js:6:36)\n    at newFn (D:\\college\\third year\\arch\\Blossom\\server\\node_modules\\express-async-errors\\index.js:16:20)\n    at Layer.handle [as handle_request] (D:\\college\\third year\\arch\\Blossom\\server\\node_modules\\express\\lib\\router\\layer.js:95:5)\n    at next (D:\\college\\third year\\arch\\Blossom\\server\\node_modules\\express\\lib\\router\\route.js:137:13)\n    at Route.dispatch (D:\\college\\third year\\arch\\Blossom\\server\\node_modules\\express\\lib\\router\\route.js:112:3)\n    at newFn (D:\\college\\third year\\arch\\Blossom\\server\\node_modules\\express-async-errors\\index.js:16:20)\n    at Layer.handle [as handle_request] (D:\\college\\third year\\arch\\Blossom\\server\\node_modules\\express\\lib\\router\\layer.js:95:5)\n    at D:\\college\\third year\\arch\\Blossom\\server\\node_modules\\express\\lib\\router\\index.js:281:22\n    at Function.process_params (D:\\college\\third year\\arch\\Blossom\\server\\node_modules\\express\\lib\\router\\index.js:335:12)\n    at next (D:\\college\\third year\\arch\\Blossom\\server\\node_modules\\express\\lib\\router\\index.js:275:10)\n    at Function.handle (D:\\college\\third year\\arch\\Blossom\\server\\node_modules\\express\\lib\\router\\index.js:174:3)\n    at router (D:\\college\\third year\\arch\\Blossom\\server\\node_modules\\express\\lib\\router\\index.js:47:12)\n    at newFn (D:\\college\\third year\\arch\\Blossom\\server\\node_modules\\express-async-errors\\index.js:16:20)\n    at Layer.handle [as handle_request] (D:\\college\\third year\\arch\\Blossom\\server\\node_modules\\express\\lib\\router\\layer.js:95:5)"}
{"message":"Server is listening at port 3000","level":"info"}
{"message":"Successfully connected to the database","level":"info"}
{"operationTime":"6956955315589873670","ok":0,"code":9,"codeName":"FailedToParse","$clusterTime":{"clusterTime":"6956955315589873670","signature":{"hash":"2tbk8wSWpC5eGEsj6jCYvhUW/v0=","keyId":"6955375446229778435"}},"name":"MongoError","level":"error","message":"Failed to parse: { find: \"users\", filter: {}, projection: { name: 1, email: 1, address: 1, phone: 1 }, limit: \"10\", returnKey: false, showRecordId: false, lsid: { id: UUID(\"1bef2f10-ca6c-4bf0-9d3b-2ff1b6dcdb9a\") }, $clusterTime: { clusterTime: Timestamp(1619792384, 6), signature: { hash: BinData(0, DAD6E4F30496A42E5E184B23EA3098BE1516FEFD), keyId: 6955375446229778435 } }, $db: \"test\" }. 'limit' field must be numeric. Failed to parse: { find: \"users\", filter: {}, projection: { name: 1, email: 1, address: 1, phone: 1 }, limit: \"10\", returnKey: false, showRecordId: false, lsid: { id: UUID(\"1bef2f10-ca6c-4bf0-9d3b-2ff1b6dcdb9a\") }, $clusterTime: { clusterTime: Timestamp(1619792384, 6), signature: { hash: BinData(0, DAD6E4F30496A42E5E184B23EA3098BE1516FEFD), keyId: 6955375446229778435 } }, $db: \"test\" }. 'limit' field must be numeric.","stack":"MongoError: Failed to parse: { find: \"users\", filter: {}, projection: { name: 1, email: 1, address: 1, phone: 1 }, limit: \"10\", returnKey: false, showRecordId: false, lsid: { id: UUID(\"1bef2f10-ca6c-4bf0-9d3b-2ff1b6dcdb9a\") }, $clusterTime: { clusterTime: Timestamp(1619792384, 6), signature: { hash: BinData(0, DAD6E4F30496A42E5E184B23EA3098BE1516FEFD), keyId: 6955375446229778435 } }, $db: \"test\" }. 'limit' field must be numeric.\n    at MessageStream.messageHandler (D:\\college\\third year\\arch\\Blossom\\server\\node_modules\\mongodb\\lib\\cmap\\connection.js:268:20)\n    at MessageStream.emit (events.js:198:13)\n    at processIncomingData (D:\\college\\third year\\arch\\Blossom\\server\\node_modules\\mongodb\\lib\\cmap\\message_stream.js:144:12)\n    at MessageStream._write (D:\\college\\third year\\arch\\Blossom\\server\\node_modules\\mongodb\\lib\\cmap\\message_stream.js:42:5)\n    at doWrite (_stream_writable.js:415:12)\n    at writeOrBuffer (_stream_writable.js:399:5)\n    at MessageStream.Writable.write (_stream_writable.js:299:11)\n    at TLSSocket.ondata (_stream_readable.js:709:20)\n    at TLSSocket.emit (events.js:198:13)\n    at addChunk (_stream_readable.js:288:12)\n    at readableAddChunk (_stream_readable.js:269:11)\n    at TLSSocket.Readable.push (_stream_readable.js:224:10)\n    at TLSWrap.onStreamRead [as onread] (internal/stream_base_commons.js:94:17)"}
{"message":"Server is listening at port 3000","level":"info"}
{"level":"error","message":"logger is not defined logger is not defined","stack":"ReferenceError: logger is not defined\n    at Object.getAllUsersInfo (D:\\college\\third year\\arch\\Blossom\\server\\app\\db\\queries\\user.queries.js:57:5)\n    at Object.getAllUsers (D:\\college\\third year\\arch\\Blossom\\server\\app\\services\\user.service.js:9:30)\n    at getAllUsers (D:\\college\\third year\\arch\\Blossom\\server\\app\\controllers\\user.controller.js:6:36)\n    at newFn (D:\\college\\third year\\arch\\Blossom\\server\\node_modules\\express-async-errors\\index.js:16:20)\n    at Layer.handle [as handle_request] (D:\\college\\third year\\arch\\Blossom\\server\\node_modules\\express\\lib\\router\\layer.js:95:5)\n    at next (D:\\college\\third year\\arch\\Blossom\\server\\node_modules\\express\\lib\\router\\route.js:137:13)\n    at Route.dispatch (D:\\college\\third year\\arch\\Blossom\\server\\node_modules\\express\\lib\\router\\route.js:112:3)\n    at newFn (D:\\college\\third year\\arch\\Blossom\\server\\node_modules\\express-async-errors\\index.js:16:20)\n    at Layer.handle [as handle_request] (D:\\college\\third year\\arch\\Blossom\\server\\node_modules\\express\\lib\\router\\layer.js:95:5)\n    at D:\\college\\third year\\arch\\Blossom\\server\\node_modules\\express\\lib\\router\\index.js:281:22\n    at Function.process_params (D:\\college\\third year\\arch\\Blossom\\server\\node_modules\\express\\lib\\router\\index.js:335:12)\n    at next (D:\\college\\third year\\arch\\Blossom\\server\\node_modules\\express\\lib\\router\\index.js:275:10)\n    at Function.handle (D:\\college\\third year\\arch\\Blossom\\server\\node_modules\\express\\lib\\router\\index.js:174:3)\n    at router (D:\\college\\third year\\arch\\Blossom\\server\\node_modules\\express\\lib\\router\\index.js:47:12)\n    at newFn (D:\\college\\third year\\arch\\Blossom\\server\\node_modules\\express-async-errors\\index.js:16:20)\n    at Layer.handle [as handle_request] (D:\\college\\third year\\arch\\Blossom\\server\\node_modules\\express\\lib\\router\\layer.js:95:5)"}
{"message":"Server is listening at port 3000","level":"info"}
{"message":"Successfully connected to the database","level":"info"}
{"operationTime":"6956956522475683844","ok":0,"code":9,"codeName":"FailedToParse","$clusterTime":{"clusterTime":"6956956522475683844","signature":{"hash":"lhQMqYaEJg6iG5Tvaa0zO71A4JM=","keyId":"6955375446229778435"}},"name":"MongoError","level":"error","message":"Failed to parse: { find: \"users\", filter: {}, projection: { name: 1, email: 1, address: 1, phone: 1 }, limit: \"10\", returnKey: false, showRecordId: false, lsid: { id: UUID(\"0741dcd7-7e1e-4cc6-98e3-d02114d4f2cd\") }, $clusterTime: { clusterTime: Timestamp(1619792665, 2), signature: { hash: BinData(0, 96140CA98684260EA21B94EF69AD333BBD40E093), keyId: 6955375446229778435 } }, $db: \"test\" }. 'limit' field must be numeric. Failed to parse: { find: \"users\", filter: {}, projection: { name: 1, email: 1, address: 1, phone: 1 }, limit: \"10\", returnKey: false, showRecordId: false, lsid: { id: UUID(\"0741dcd7-7e1e-4cc6-98e3-d02114d4f2cd\") }, $clusterTime: { clusterTime: Timestamp(1619792665, 2), signature: { hash: BinData(0, 96140CA98684260EA21B94EF69AD333BBD40E093), keyId: 6955375446229778435 } }, $db: \"test\" }. 'limit' field must be numeric.","stack":"MongoError: Failed to parse: { find: \"users\", filter: {}, projection: { name: 1, email: 1, address: 1, phone: 1 }, limit: \"10\", returnKey: false, showRecordId: false, lsid: { id: UUID(\"0741dcd7-7e1e-4cc6-98e3-d02114d4f2cd\") }, $clusterTime: { clusterTime: Timestamp(1619792665, 2), signature: { hash: BinData(0, 96140CA98684260EA21B94EF69AD333BBD40E093), keyId: 6955375446229778435 } }, $db: \"test\" }. 'limit' field must be numeric.\n    at MessageStream.messageHandler (D:\\college\\third year\\arch\\Blossom\\server\\node_modules\\mongodb\\lib\\cmap\\connection.js:268:20)\n    at MessageStream.emit (events.js:198:13)\n    at processIncomingData (D:\\college\\third year\\arch\\Blossom\\server\\node_modules\\mongodb\\lib\\cmap\\message_stream.js:144:12)\n    at MessageStream._write (D:\\college\\third year\\arch\\Blossom\\server\\node_modules\\mongodb\\lib\\cmap\\message_stream.js:42:5)\n    at doWrite (_stream_writable.js:415:12)\n    at writeOrBuffer (_stream_writable.js:399:5)\n    at MessageStream.Writable.write (_stream_writable.js:299:11)\n    at TLSSocket.ondata (_stream_readable.js:709:20)\n    at TLSSocket.emit (events.js:198:13)\n    at addChunk (_stream_readable.js:288:12)\n    at readableAddChunk (_stream_readable.js:269:11)\n    at TLSSocket.Readable.push (_stream_readable.js:224:10)\n    at TLSWrap.onStreamRead [as onread] (internal/stream_base_commons.js:94:17)"}
{"message":"Server is listening at port 3000","level":"info"}
{"message":"Successfully connected to the database","level":"info"}
{"level":"error","message":"user is not defined user is not defined","stack":"ReferenceError: user is not defined\n    at Object.getAllUsers (D:\\college\\third year\\arch\\Blossom\\server\\app\\services\\user.service.js:11:21)\n    at process._tickCallback (internal/process/next_tick.js:68:7)"}
{"message":"Server is listening at port 3000","level":"info"}
{"message":"Successfully connected to the database","level":"info"}
{"level":"error","message":"user is not defined user is not defined","stack":"ReferenceError: user is not defined\n    at Object.getAllUsers (D:\\college\\third year\\arch\\Blossom\\server\\app\\services\\user.service.js:11:21)\n    at process._tickCallback (internal/process/next_tick.js:68:7)"}
{"message":"Server is listening at port 3000","level":"info"}
{"message":"Successfully connected to the database","level":"info"}
{"operationTime":"6956957806670905350","ok":0,"code":9,"codeName":"FailedToParse","$clusterTime":{"clusterTime":"6956957806670905350","signature":{"hash":"kAdfmqQcWmglYdeLnWcBZnm2vRA=","keyId":"6955375446229778435"}},"name":"MongoError","level":"error","message":"Failed to parse: { find: \"users\", filter: {}, projection: { name: 1, email: 1, address: 1, phone: 1 }, limit: \"10\", returnKey: false, showRecordId: false, lsid: { id: UUID(\"3a7aba3e-b2e9-4737-991f-c2f22780ce05\") }, $clusterTime: { clusterTime: Timestamp(1619792964, 6), signature: { hash: BinData(0, 90075F9AA41C5A682561D78B9D67016679B6BD10), keyId: 6955375446229778435 } }, $db: \"test\" }. 'limit' field must be numeric. Failed to parse: { find: \"users\", filter: {}, projection: { name: 1, email: 1, address: 1, phone: 1 }, limit: \"10\", returnKey: false, showRecordId: false, lsid: { id: UUID(\"3a7aba3e-b2e9-4737-991f-c2f22780ce05\") }, $clusterTime: { clusterTime: Timestamp(1619792964, 6), signature: { hash: BinData(0, 90075F9AA41C5A682561D78B9D67016679B6BD10), keyId: 6955375446229778435 } }, $db: \"test\" }. 'limit' field must be numeric.","stack":"MongoError: Failed to parse: { find: \"users\", filter: {}, projection: { name: 1, email: 1, address: 1, phone: 1 }, limit: \"10\", returnKey: false, showRecordId: false, lsid: { id: UUID(\"3a7aba3e-b2e9-4737-991f-c2f22780ce05\") }, $clusterTime: { clusterTime: Timestamp(1619792964, 6), signature: { hash: BinData(0, 90075F9AA41C5A682561D78B9D67016679B6BD10), keyId: 6955375446229778435 } }, $db: \"test\" }. 'limit' field must be numeric.\n    at MessageStream.messageHandler (D:\\college\\third year\\arch\\Blossom\\server\\node_modules\\mongodb\\lib\\cmap\\connection.js:268:20)\n    at MessageStream.emit (events.js:198:13)\n    at processIncomingData (D:\\college\\third year\\arch\\Blossom\\server\\node_modules\\mongodb\\lib\\cmap\\message_stream.js:144:12)\n    at MessageStream._write (D:\\college\\third year\\arch\\Blossom\\server\\node_modules\\mongodb\\lib\\cmap\\message_stream.js:42:5)\n    at doWrite (_stream_writable.js:415:12)\n    at writeOrBuffer (_stream_writable.js:399:5)\n    at MessageStream.Writable.write (_stream_writable.js:299:11)\n    at TLSSocket.ondata (_stream_readable.js:709:20)\n    at TLSSocket.emit (events.js:198:13)\n    at addChunk (_stream_readable.js:288:12)\n    at readableAddChunk (_stream_readable.js:269:11)\n    at TLSSocket.Readable.push (_stream_readable.js:224:10)\n    at TLSWrap.onStreamRead [as onread] (internal/stream_base_commons.js:94:17)"}
{"message":"Server is listening at port 3000","level":"info"}
{"message":"Successfully connected to the database","level":"info"}
{"level":"error","message":"user is not defined user is not defined","stack":"ReferenceError: user is not defined\n    at Object.getAllUsers (D:\\college\\third year\\arch\\Blossom\\server\\app\\services\\user.service.js:11:21)\n    at process._tickCallback (internal/process/next_tick.js:68:7)"}
{"message":"Server is listening at port 3000","level":"info"}
{"message":"Successfully connected to the database","level":"info"}
{"operationTime":"6956958223282733064","ok":0,"code":9,"codeName":"FailedToParse","$clusterTime":{"clusterTime":"6956958223282733064","signature":{"hash":"XOUszLIF0R8m1LVFNbEaxqnG5c8=","keyId":"6955375446229778435"}},"name":"MongoError","level":"error","message":"Failed to parse: { find: \"users\", filter: {}, projection: { name: 1, email: 1, address: 1, phone: 1 }, limit: \"10\", returnKey: false, showRecordId: false, lsid: { id: UUID(\"0fed03a7-6869-436a-bdd7-ee6ec1c5b996\") }, $clusterTime: { clusterTime: Timestamp(1619793060, 4), signature: { hash: BinData(0, 075D9603ACAE78D0DE0052EFD4DEBEFD4FF5C3D3), keyId: 6955375446229778435 } }, $db: \"test\" }. 'limit' field must be numeric. Failed to parse: { find: \"users\", filter: {}, projection: { name: 1, email: 1, address: 1, phone: 1 }, limit: \"10\", returnKey: false, showRecordId: false, lsid: { id: UUID(\"0fed03a7-6869-436a-bdd7-ee6ec1c5b996\") }, $clusterTime: { clusterTime: Timestamp(1619793060, 4), signature: { hash: BinData(0, 075D9603ACAE78D0DE0052EFD4DEBEFD4FF5C3D3), keyId: 6955375446229778435 } }, $db: \"test\" }. 'limit' field must be numeric.","stack":"MongoError: Failed to parse: { find: \"users\", filter: {}, projection: { name: 1, email: 1, address: 1, phone: 1 }, limit: \"10\", returnKey: false, showRecordId: false, lsid: { id: UUID(\"0fed03a7-6869-436a-bdd7-ee6ec1c5b996\") }, $clusterTime: { clusterTime: Timestamp(1619793060, 4), signature: { hash: BinData(0, 075D9603ACAE78D0DE0052EFD4DEBEFD4FF5C3D3), keyId: 6955375446229778435 } }, $db: \"test\" }. 'limit' field must be numeric.\n    at MessageStream.messageHandler (D:\\college\\third year\\arch\\Blossom\\server\\node_modules\\mongodb\\lib\\cmap\\connection.js:268:20)\n    at MessageStream.emit (events.js:198:13)\n    at processIncomingData (D:\\college\\third year\\arch\\Blossom\\server\\node_modules\\mongodb\\lib\\cmap\\message_stream.js:144:12)\n    at MessageStream._write (D:\\college\\third year\\arch\\Blossom\\server\\node_modules\\mongodb\\lib\\cmap\\message_stream.js:42:5)\n    at doWrite (_stream_writable.js:415:12)\n    at writeOrBuffer (_stream_writable.js:399:5)\n    at MessageStream.Writable.write (_stream_writable.js:299:11)\n    at TLSSocket.ondata (_stream_readable.js:709:20)\n    at TLSSocket.emit (events.js:198:13)\n    at addChunk (_stream_readable.js:288:12)\n    at readableAddChunk (_stream_readable.js:269:11)\n    at TLSSocket.Readable.push (_stream_readable.js:224:10)\n    at TLSWrap.onStreamRead [as onread] (internal/stream_base_commons.js:94:17)"}
{"message":"Server is listening at port 3000","level":"info"}
{"message":"Successfully connected to the database","level":"info"}
{"level":"error","message":"user is not defined user is not defined","stack":"ReferenceError: user is not defined\n    at Object.getAllUsers (D:\\college\\third year\\arch\\Blossom\\server\\app\\services\\user.service.js:11:21)\n    at process._tickCallback (internal/process/next_tick.js:68:7)"}
{"message":"Server is listening at port 3000","level":"info"}
{"message":"Successfully connected to the database","level":"info"}
{"level":"error","message":"user is not defined user is not defined","stack":"ReferenceError: user is not defined\n    at Object.getAllUsers (D:\\college\\third year\\arch\\Blossom\\server\\app\\services\\user.service.js:11:21)\n    at process._tickCallback (internal/process/next_tick.js:68:7)"}
{"message":"Server is listening at port 3000","level":"info"}
{"message":"Successfully connected to the database","level":"info"}
{"message":"Server is listening at port 3000","level":"info"}
{"message":"Successfully connected to the database","level":"info"}
{"message":"Server is listening at port 3000","level":"info"}
{"message":"Successfully connected to the database","level":"info"}
{"operationTime":"6956960302046904326","ok":0,"code":9,"codeName":"FailedToParse","$clusterTime":{"clusterTime":"6956960302046904326","signature":{"hash":"luy/EA8E1iD5KkwE0KThiMsraz0=","keyId":"6955375446229778435"}},"name":"MongoError","level":"error","message":"Failed to parse: { find: \"users\", filter: {}, projection: { name: 1, email: 1, address: 1, phone: 1 }, limit: \"10\", returnKey: false, showRecordId: false, lsid: { id: UUID(\"53bbbd82-951f-4764-995e-993042b48c14\") }, $clusterTime: { clusterTime: Timestamp(1619793545, 6), signature: { hash: BinData(0, 96ECBF100F04D620F92A4C04D0A4E188CB2B6B3D), keyId: 6955375446229778435 } }, $db: \"test\" }. 'limit' field must be numeric. Failed to parse: { find: \"users\", filter: {}, projection: { name: 1, email: 1, address: 1, phone: 1 }, limit: \"10\", returnKey: false, showRecordId: false, lsid: { id: UUID(\"53bbbd82-951f-4764-995e-993042b48c14\") }, $clusterTime: { clusterTime: Timestamp(1619793545, 6), signature: { hash: BinData(0, 96ECBF100F04D620F92A4C04D0A4E188CB2B6B3D), keyId: 6955375446229778435 } }, $db: \"test\" }. 'limit' field must be numeric.","stack":"MongoError: Failed to parse: { find: \"users\", filter: {}, projection: { name: 1, email: 1, address: 1, phone: 1 }, limit: \"10\", returnKey: false, showRecordId: false, lsid: { id: UUID(\"53bbbd82-951f-4764-995e-993042b48c14\") }, $clusterTime: { clusterTime: Timestamp(1619793545, 6), signature: { hash: BinData(0, 96ECBF100F04D620F92A4C04D0A4E188CB2B6B3D), keyId: 6955375446229778435 } }, $db: \"test\" }. 'limit' field must be numeric.\n    at MessageStream.messageHandler (D:\\college\\third year\\arch\\Blossom\\server\\node_modules\\mongodb\\lib\\cmap\\connection.js:268:20)\n    at MessageStream.emit (events.js:198:13)\n    at processIncomingData (D:\\college\\third year\\arch\\Blossom\\server\\node_modules\\mongodb\\lib\\cmap\\message_stream.js:144:12)\n    at MessageStream._write (D:\\college\\third year\\arch\\Blossom\\server\\node_modules\\mongodb\\lib\\cmap\\message_stream.js:42:5)\n    at doWrite (_stream_writable.js:415:12)\n    at writeOrBuffer (_stream_writable.js:399:5)\n    at MessageStream.Writable.write (_stream_writable.js:299:11)\n    at TLSSocket.ondata (_stream_readable.js:709:20)\n    at TLSSocket.emit (events.js:198:13)\n    at addChunk (_stream_readable.js:288:12)\n    at readableAddChunk (_stream_readable.js:269:11)\n    at TLSSocket.Readable.push (_stream_readable.js:224:10)\n    at TLSWrap.onStreamRead [as onread] (internal/stream_base_commons.js:94:17)"}
{"message":"Server is listening at port 3000","level":"info"}
{"message":"Successfully connected to the database","level":"info"}
{"message":"Server is listening at port 3000","level":"info"}
{"message":"Successfully connected to the database","level":"info"}
{"message":"Server is listening at port 3000","level":"info"}
{"message":"Successfully connected to the database","level":"info"}
{"operationTime":"6956962230487220228","ok":0,"code":9,"codeName":"FailedToParse","$clusterTime":{"clusterTime":"6956962230487220228","signature":{"hash":"sfxtTJj4RTGB5lfxU5S3RC3m2uY=","keyId":"6955375446229778435"}},"name":"MongoError","level":"error","message":"Failed to parse: { find: \"users\", filter: {}, projection: { name: 1, email: 1, address: 1, phone: 1 }, limit: \"10\", returnKey: false, showRecordId: false, lsid: { id: UUID(\"2a4b8a9b-da86-42c1-8522-ea9e2a4f2173\") }, $clusterTime: { clusterTime: Timestamp(1619793987, 6), signature: { hash: BinData(0, 2C7B964D4D393D9C04A409DC0569896B521062ED), keyId: 6955375446229778435 } }, $db: \"test\" }. 'limit' field must be numeric. Failed to parse: { find: \"users\", filter: {}, projection: { name: 1, email: 1, address: 1, phone: 1 }, limit: \"10\", returnKey: false, showRecordId: false, lsid: { id: UUID(\"2a4b8a9b-da86-42c1-8522-ea9e2a4f2173\") }, $clusterTime: { clusterTime: Timestamp(1619793987, 6), signature: { hash: BinData(0, 2C7B964D4D393D9C04A409DC0569896B521062ED), keyId: 6955375446229778435 } }, $db: \"test\" }. 'limit' field must be numeric.","stack":"MongoError: Failed to parse: { find: \"users\", filter: {}, projection: { name: 1, email: 1, address: 1, phone: 1 }, limit: \"10\", returnKey: false, showRecordId: false, lsid: { id: UUID(\"2a4b8a9b-da86-42c1-8522-ea9e2a4f2173\") }, $clusterTime: { clusterTime: Timestamp(1619793987, 6), signature: { hash: BinData(0, 2C7B964D4D393D9C04A409DC0569896B521062ED), keyId: 6955375446229778435 } }, $db: \"test\" }. 'limit' field must be numeric.\n    at MessageStream.messageHandler (D:\\college\\third year\\arch\\Blossom\\server\\node_modules\\mongodb\\lib\\cmap\\connection.js:268:20)\n    at MessageStream.emit (events.js:198:13)\n    at processIncomingData (D:\\college\\third year\\arch\\Blossom\\server\\node_modules\\mongodb\\lib\\cmap\\message_stream.js:144:12)\n    at MessageStream._write (D:\\college\\third year\\arch\\Blossom\\server\\node_modules\\mongodb\\lib\\cmap\\message_stream.js:42:5)\n    at doWrite (_stream_writable.js:415:12)\n    at writeOrBuffer (_stream_writable.js:399:5)\n    at MessageStream.Writable.write (_stream_writable.js:299:11)\n    at TLSSocket.ondata (_stream_readable.js:709:20)\n    at TLSSocket.emit (events.js:198:13)\n    at addChunk (_stream_readable.js:288:12)\n    at readableAddChunk (_stream_readable.js:269:11)\n    at TLSSocket.Readable.push (_stream_readable.js:224:10)\n    at TLSWrap.onStreamRead [as onread] (internal/stream_base_commons.js:94:17)"}
{"message":"Server is listening at port 3000","level":"info"}
{"message":"Successfully connected to the database","level":"info"}
{"operationTime":"6956962269141925892","ok":0,"code":9,"codeName":"FailedToParse","$clusterTime":{"clusterTime":"6956962269141925892","signature":{"hash":"+X1F+Png5PWltKlH7z2v41l95hw=","keyId":"6955375446229778435"}},"name":"MongoError","level":"error","message":"Failed to parse: { find: \"users\", filter: {}, projection: { name: 1, email: 1, address: 1, phone: 1 }, limit: \"10\", returnKey: false, showRecordId: false, lsid: { id: UUID(\"c1991d2b-d844-4cbd-8de5-d754c6ea76d7\") }, $clusterTime: { clusterTime: Timestamp(1619794002, 6), signature: { hash: BinData(0, 06EF0293D755D17FE43830BEC2BDE65AC26B93CE), keyId: 6955375446229778435 } }, $db: \"test\" }. 'limit' field must be numeric. Failed to parse: { find: \"users\", filter: {}, projection: { name: 1, email: 1, address: 1, phone: 1 }, limit: \"10\", returnKey: false, showRecordId: false, lsid: { id: UUID(\"c1991d2b-d844-4cbd-8de5-d754c6ea76d7\") }, $clusterTime: { clusterTime: Timestamp(1619794002, 6), signature: { hash: BinData(0, 06EF0293D755D17FE43830BEC2BDE65AC26B93CE), keyId: 6955375446229778435 } }, $db: \"test\" }. 'limit' field must be numeric.","stack":"MongoError: Failed to parse: { find: \"users\", filter: {}, projection: { name: 1, email: 1, address: 1, phone: 1 }, limit: \"10\", returnKey: false, showRecordId: false, lsid: { id: UUID(\"c1991d2b-d844-4cbd-8de5-d754c6ea76d7\") }, $clusterTime: { clusterTime: Timestamp(1619794002, 6), signature: { hash: BinData(0, 06EF0293D755D17FE43830BEC2BDE65AC26B93CE), keyId: 6955375446229778435 } }, $db: \"test\" }. 'limit' field must be numeric.\n    at MessageStream.messageHandler (D:\\college\\third year\\arch\\Blossom\\server\\node_modules\\mongodb\\lib\\cmap\\connection.js:268:20)\n    at MessageStream.emit (events.js:198:13)\n    at processIncomingData (D:\\college\\third year\\arch\\Blossom\\server\\node_modules\\mongodb\\lib\\cmap\\message_stream.js:144:12)\n    at MessageStream._write (D:\\college\\third year\\arch\\Blossom\\server\\node_modules\\mongodb\\lib\\cmap\\message_stream.js:42:5)\n    at doWrite (_stream_writable.js:415:12)\n    at writeOrBuffer (_stream_writable.js:399:5)\n    at MessageStream.Writable.write (_stream_writable.js:299:11)\n    at TLSSocket.ondata (_stream_readable.js:709:20)\n    at TLSSocket.emit (events.js:198:13)\n    at addChunk (_stream_readable.js:288:12)\n    at readableAddChunk (_stream_readable.js:269:11)\n    at TLSSocket.Readable.push (_stream_readable.js:224:10)\n    at TLSWrap.onStreamRead [as onread] (internal/stream_base_commons.js:94:17)"}
{"message":"Server is listening at port 3000","level":"info"}
{"message":"Successfully connected to the database","level":"info"}
{"message":"Server is listening at port 3000","level":"info"}
{"message":"Successfully connected to the database","level":"info"}
{"message":"Server is listening at port 3000","level":"info"}
{"message":"Successfully connected to the database","level":"info"}
{"level":"error","message":"UserModel.findById(...).aggregate is not a function UserModel.findById(...).aggregate is not a function","stack":"TypeError: UserModel.findById(...).aggregate is not a function\n    at Object.getUserInfo (D:\\college\\third year\\arch\\Blossom\\server\\app\\db\\queries\\user.queries.js:43:8)\n    at Object.getUser (D:\\college\\third year\\arch\\Blossom\\server\\app\\services\\user.service.js:14:35)\n    at getUser (D:\\college\\third year\\arch\\Blossom\\server\\app\\controllers\\user.controller.js:14:36)\n    at newFn (D:\\college\\third year\\arch\\Blossom\\server\\node_modules\\express-async-errors\\index.js:16:20)\n    at Layer.handle [as handle_request] (D:\\college\\third year\\arch\\Blossom\\server\\node_modules\\express\\lib\\router\\layer.js:95:5)\n    at next (D:\\college\\third year\\arch\\Blossom\\server\\node_modules\\express\\lib\\router\\route.js:137:13)\n    at Route.dispatch (D:\\college\\third year\\arch\\Blossom\\server\\node_modules\\express\\lib\\router\\route.js:112:3)\n    at newFn (D:\\college\\third year\\arch\\Blossom\\server\\node_modules\\express-async-errors\\index.js:16:20)\n    at Layer.handle [as handle_request] (D:\\college\\third year\\arch\\Blossom\\server\\node_modules\\express\\lib\\router\\layer.js:95:5)\n    at D:\\college\\third year\\arch\\Blossom\\server\\node_modules\\express\\lib\\router\\index.js:281:22\n    at param (D:\\college\\third year\\arch\\Blossom\\server\\node_modules\\express\\lib\\router\\index.js:354:14)\n    at param (D:\\college\\third year\\arch\\Blossom\\server\\node_modules\\express\\lib\\router\\index.js:365:14)\n    at Function.process_params (D:\\college\\third year\\arch\\Blossom\\server\\node_modules\\express\\lib\\router\\index.js:410:3)\n    at next (D:\\college\\third year\\arch\\Blossom\\server\\node_modules\\express\\lib\\router\\index.js:275:10)\n    at Function.handle (D:\\college\\third year\\arch\\Blossom\\server\\node_modules\\express\\lib\\router\\index.js:174:3)\n    at router (D:\\college\\third year\\arch\\Blossom\\server\\node_modules\\express\\lib\\router\\index.js:47:12)"}
{"message":"Server is listening at port 3000","level":"info"}
{"level":"error","message":"UserModel.findById(...).aggregate is not a function UserModel.findById(...).aggregate is not a function","stack":"TypeError: UserModel.findById(...).aggregate is not a function\n    at Object.getUserInfo (D:\\college\\third year\\arch\\Blossom\\server\\app\\db\\queries\\user.queries.js:43:8)\n    at Object.getUser (D:\\college\\third year\\arch\\Blossom\\server\\app\\services\\user.service.js:14:35)\n    at getUser (D:\\college\\third year\\arch\\Blossom\\server\\app\\controllers\\user.controller.js:14:36)\n    at newFn (D:\\college\\third year\\arch\\Blossom\\server\\node_modules\\express-async-errors\\index.js:16:20)\n    at Layer.handle [as handle_request] (D:\\college\\third year\\arch\\Blossom\\server\\node_modules\\express\\lib\\router\\layer.js:95:5)\n    at next (D:\\college\\third year\\arch\\Blossom\\server\\node_modules\\express\\lib\\router\\route.js:137:13)\n    at Route.dispatch (D:\\college\\third year\\arch\\Blossom\\server\\node_modules\\express\\lib\\router\\route.js:112:3)\n    at newFn (D:\\college\\third year\\arch\\Blossom\\server\\node_modules\\express-async-errors\\index.js:16:20)\n    at Layer.handle [as handle_request] (D:\\college\\third year\\arch\\Blossom\\server\\node_modules\\express\\lib\\router\\layer.js:95:5)\n    at D:\\college\\third year\\arch\\Blossom\\server\\node_modules\\express\\lib\\router\\index.js:281:22\n    at param (D:\\college\\third year\\arch\\Blossom\\server\\node_modules\\express\\lib\\router\\index.js:354:14)\n    at param (D:\\college\\third year\\arch\\Blossom\\server\\node_modules\\express\\lib\\router\\index.js:365:14)\n    at Function.process_params (D:\\college\\third year\\arch\\Blossom\\server\\node_modules\\express\\lib\\router\\index.js:410:3)\n    at next (D:\\college\\third year\\arch\\Blossom\\server\\node_modules\\express\\lib\\router\\index.js:275:10)\n    at Function.handle (D:\\college\\third year\\arch\\Blossom\\server\\node_modules\\express\\lib\\router\\index.js:174:3)\n    at router (D:\\college\\third year\\arch\\Blossom\\server\\node_modules\\express\\lib\\router\\index.js:47:12)"}
{"message":"Server is listening at port 3000","level":"info"}
{"message":"Successfully connected to the database","level":"info"}
{"level":"error","message":"Cannot read property 'project' of undefined Cannot read property 'project' of undefined","stack":"TypeError: Cannot read property 'project' of undefined\n    at Object.getUserInfo (D:\\college\\third year\\arch\\Blossom\\server\\app\\db\\queries\\user.queries.js:45:17)\n    at Object.getUser (D:\\college\\third year\\arch\\Blossom\\server\\app\\services\\user.service.js:14:35)\n    at getUser (D:\\college\\third year\\arch\\Blossom\\server\\app\\controllers\\user.controller.js:14:36)\n    at newFn (D:\\college\\third year\\arch\\Blossom\\server\\node_modules\\express-async-errors\\index.js:16:20)\n    at Layer.handle [as handle_request] (D:\\college\\third year\\arch\\Blossom\\server\\node_modules\\express\\lib\\router\\layer.js:95:5)\n    at next (D:\\college\\third year\\arch\\Blossom\\server\\node_modules\\express\\lib\\router\\route.js:137:13)\n    at Route.dispatch (D:\\college\\third year\\arch\\Blossom\\server\\node_modules\\express\\lib\\router\\route.js:112:3)\n    at newFn (D:\\college\\third year\\arch\\Blossom\\server\\node_modules\\express-async-errors\\index.js:16:20)\n    at Layer.handle [as handle_request] (D:\\college\\third year\\arch\\Blossom\\server\\node_modules\\express\\lib\\router\\layer.js:95:5)\n    at D:\\college\\third year\\arch\\Blossom\\server\\node_modules\\express\\lib\\router\\index.js:281:22\n    at param (D:\\college\\third year\\arch\\Blossom\\server\\node_modules\\express\\lib\\router\\index.js:354:14)\n    at param (D:\\college\\third year\\arch\\Blossom\\server\\node_modules\\express\\lib\\router\\index.js:365:14)\n    at Function.process_params (D:\\college\\third year\\arch\\Blossom\\server\\node_modules\\express\\lib\\router\\index.js:410:3)\n    at next (D:\\college\\third year\\arch\\Blossom\\server\\node_modules\\express\\lib\\router\\index.js:275:10)\n    at Function.handle (D:\\college\\third year\\arch\\Blossom\\server\\node_modules\\express\\lib\\router\\index.js:174:3)\n    at router (D:\\college\\third year\\arch\\Blossom\\server\\node_modules\\express\\lib\\router\\index.js:47:12)"}
{"message":"Server is listening at port 3000","level":"info"}
{"level":"error","message":"UserModel.findById(...).aggregate is not a function UserModel.findById(...).aggregate is not a function","stack":"TypeError: UserModel.findById(...).aggregate is not a function\n    at Object.getUserInfo (D:\\college\\third year\\arch\\Blossom\\server\\app\\db\\queries\\user.queries.js:43:8)\n    at Object.getUser (D:\\college\\third year\\arch\\Blossom\\server\\app\\services\\user.service.js:14:35)\n    at getUser (D:\\college\\third year\\arch\\Blossom\\server\\app\\controllers\\user.controller.js:14:36)\n    at newFn (D:\\college\\third year\\arch\\Blossom\\server\\node_modules\\express-async-errors\\index.js:16:20)\n    at Layer.handle [as handle_request] (D:\\college\\third year\\arch\\Blossom\\server\\node_modules\\express\\lib\\router\\layer.js:95:5)\n    at next (D:\\college\\third year\\arch\\Blossom\\server\\node_modules\\express\\lib\\router\\route.js:137:13)\n    at Route.dispatch (D:\\college\\third year\\arch\\Blossom\\server\\node_modules\\express\\lib\\router\\route.js:112:3)\n    at newFn (D:\\college\\third year\\arch\\Blossom\\server\\node_modules\\express-async-errors\\index.js:16:20)\n    at Layer.handle [as handle_request] (D:\\college\\third year\\arch\\Blossom\\server\\node_modules\\express\\lib\\router\\layer.js:95:5)\n    at D:\\college\\third year\\arch\\Blossom\\server\\node_modules\\express\\lib\\router\\index.js:281:22\n    at param (D:\\college\\third year\\arch\\Blossom\\server\\node_modules\\express\\lib\\router\\index.js:354:14)\n    at param (D:\\college\\third year\\arch\\Blossom\\server\\node_modules\\express\\lib\\router\\index.js:365:14)\n    at Function.process_params (D:\\college\\third year\\arch\\Blossom\\server\\node_modules\\express\\lib\\router\\index.js:410:3)\n    at next (D:\\college\\third year\\arch\\Blossom\\server\\node_modules\\express\\lib\\router\\index.js:275:10)\n    at Function.handle (D:\\college\\third year\\arch\\Blossom\\server\\node_modules\\express\\lib\\router\\index.js:174:3)\n    at router (D:\\college\\third year\\arch\\Blossom\\server\\node_modules\\express\\lib\\router\\index.js:47:12)"}
{"message":"Server is listening at port 3000","level":"info"}
{"message":"Successfully connected to the database","level":"info"}
{"message":"Server is listening at port 3000","level":"info"}
{"message":"Successfully connected to the database","level":"info"}
{"message":"Server is listening at port 3000","level":"info"}
{"message":"Successfully connected to the database","level":"info"}
{"message":"Server is listening at port 3000","level":"info"}
{"message":"Successfully connected to the database","level":"info"}
{"message":"Server is listening at port 3000","level":"info"}
{"message":"Successfully connected to the database","level":"info"}
{"message":"Server is listening at port 3000","level":"info"}
{"message":"Successfully connected to the database","level":"info"}
{"message":"Server is listening at port 3000","level":"info"}
{"message":"Successfully connected to the database","level":"info"}
{"message":"Server is listening at port 3000","level":"info"}
{"message":"Successfully connected to the database","level":"info"}
{"message":"Server is listening at port 3000","level":"info"}
{"message":"Successfully connected to the database","level":"info"}
{"message":"Server is listening at port 3000","level":"info"}
{"message":"Successfully connected to the database","level":"info"}
{"level":"error","message":"Cannot read property 'pageNumber' of undefined Cannot read property 'pageNumber' of undefined","stack":"TypeError: Cannot read property 'pageNumber' of undefined\n    at Object.getAllUsersInfo (D:\\college\\third year\\arch\\Blossom\\server\\app\\db\\queries\\user.queries.js:61:30)\n    at Object.getAllUsers (D:\\college\\third year\\arch\\Blossom\\server\\app\\services\\user.service.js:9:30)\n    at getAllUsers (D:\\college\\third year\\arch\\Blossom\\server\\app\\controllers\\user.controller.js:6:36)\n    at newFn (D:\\college\\third year\\arch\\Blossom\\server\\node_modules\\express-async-errors\\index.js:16:20)\n    at Layer.handle [as handle_request] (D:\\college\\third year\\arch\\Blossom\\server\\node_modules\\express\\lib\\router\\layer.js:95:5)\n    at next (D:\\college\\third year\\arch\\Blossom\\server\\node_modules\\express\\lib\\router\\route.js:137:13)\n    at Route.dispatch (D:\\college\\third year\\arch\\Blossom\\server\\node_modules\\express\\lib\\router\\route.js:112:3)\n    at newFn (D:\\college\\third year\\arch\\Blossom\\server\\node_modules\\express-async-errors\\index.js:16:20)\n    at Layer.handle [as handle_request] (D:\\college\\third year\\arch\\Blossom\\server\\node_modules\\express\\lib\\router\\layer.js:95:5)\n    at D:\\college\\third year\\arch\\Blossom\\server\\node_modules\\express\\lib\\router\\index.js:281:22\n    at Function.process_params (D:\\college\\third year\\arch\\Blossom\\server\\node_modules\\express\\lib\\router\\index.js:335:12)\n    at next (D:\\college\\third year\\arch\\Blossom\\server\\node_modules\\express\\lib\\router\\index.js:275:10)\n    at Function.handle (D:\\college\\third year\\arch\\Blossom\\server\\node_modules\\express\\lib\\router\\index.js:174:3)\n    at router (D:\\college\\third year\\arch\\Blossom\\server\\node_modules\\express\\lib\\router\\index.js:47:12)\n    at newFn (D:\\college\\third year\\arch\\Blossom\\server\\node_modules\\express-async-errors\\index.js:16:20)\n    at Layer.handle [as handle_request] (D:\\college\\third year\\arch\\Blossom\\server\\node_modules\\express\\lib\\router\\layer.js:95:5)"}
{"message":"Server is listening at port 3000","level":"info"}
{"message":"Successfully connected to the database","level":"info"}
{"level":"error","message":"Cannot read property 'pageNumber' of undefined Cannot read property 'pageNumber' of undefined","stack":"TypeError: Cannot read property 'pageNumber' of undefined\n    at Object.getAllUsersInfo (D:\\college\\third year\\arch\\Blossom\\server\\app\\db\\queries\\user.queries.js:61:30)\n    at Object.getAllUsers (D:\\college\\third year\\arch\\Blossom\\server\\app\\services\\user.service.js:9:30)\n    at getAllUsers (D:\\college\\third year\\arch\\Blossom\\server\\app\\controllers\\user.controller.js:6:36)\n    at newFn (D:\\college\\third year\\arch\\Blossom\\server\\node_modules\\express-async-errors\\index.js:16:20)\n    at Layer.handle [as handle_request] (D:\\college\\third year\\arch\\Blossom\\server\\node_modules\\express\\lib\\router\\layer.js:95:5)\n    at next (D:\\college\\third year\\arch\\Blossom\\server\\node_modules\\express\\lib\\router\\route.js:137:13)\n    at Route.dispatch (D:\\college\\third year\\arch\\Blossom\\server\\node_modules\\express\\lib\\router\\route.js:112:3)\n    at newFn (D:\\college\\third year\\arch\\Blossom\\server\\node_modules\\express-async-errors\\index.js:16:20)\n    at Layer.handle [as handle_request] (D:\\college\\third year\\arch\\Blossom\\server\\node_modules\\express\\lib\\router\\layer.js:95:5)\n    at D:\\college\\third year\\arch\\Blossom\\server\\node_modules\\express\\lib\\router\\index.js:281:22\n    at Function.process_params (D:\\college\\third year\\arch\\Blossom\\server\\node_modules\\express\\lib\\router\\index.js:335:12)\n    at next (D:\\college\\third year\\arch\\Blossom\\server\\node_modules\\express\\lib\\router\\index.js:275:10)\n    at Function.handle (D:\\college\\third year\\arch\\Blossom\\server\\node_modules\\express\\lib\\router\\index.js:174:3)\n    at router (D:\\college\\third year\\arch\\Blossom\\server\\node_modules\\express\\lib\\router\\index.js:47:12)\n    at newFn (D:\\college\\third year\\arch\\Blossom\\server\\node_modules\\express-async-errors\\index.js:16:20)\n    at Layer.handle [as handle_request] (D:\\college\\third year\\arch\\Blossom\\server\\node_modules\\express\\lib\\router\\layer.js:95:5)"}
{"message":"Server is listening at port 3000","level":"info"}
{"message":"Successfully connected to the database","level":"info"}
{"level":"error","message":"Cannot read property 'pageNumber' of undefined Cannot read property 'pageNumber' of undefined","stack":"TypeError: Cannot read property 'pageNumber' of undefined\n    at Object.getAllUsersInfo (D:\\college\\third year\\arch\\Blossom\\server\\app\\db\\queries\\user.queries.js:61:30)\n    at Object.getAllUsers (D:\\college\\third year\\arch\\Blossom\\server\\app\\services\\user.service.js:9:30)\n    at getAllUsers (D:\\college\\third year\\arch\\Blossom\\server\\app\\controllers\\user.controller.js:6:36)\n    at newFn (D:\\college\\third year\\arch\\Blossom\\server\\node_modules\\express-async-errors\\index.js:16:20)\n    at Layer.handle [as handle_request] (D:\\college\\third year\\arch\\Blossom\\server\\node_modules\\express\\lib\\router\\layer.js:95:5)\n    at next (D:\\college\\third year\\arch\\Blossom\\server\\node_modules\\express\\lib\\router\\route.js:137:13)\n    at Route.dispatch (D:\\college\\third year\\arch\\Blossom\\server\\node_modules\\express\\lib\\router\\route.js:112:3)\n    at newFn (D:\\college\\third year\\arch\\Blossom\\server\\node_modules\\express-async-errors\\index.js:16:20)\n    at Layer.handle [as handle_request] (D:\\college\\third year\\arch\\Blossom\\server\\node_modules\\express\\lib\\router\\layer.js:95:5)\n    at D:\\college\\third year\\arch\\Blossom\\server\\node_modules\\express\\lib\\router\\index.js:281:22\n    at Function.process_params (D:\\college\\third year\\arch\\Blossom\\server\\node_modules\\express\\lib\\router\\index.js:335:12)\n    at next (D:\\college\\third year\\arch\\Blossom\\server\\node_modules\\express\\lib\\router\\index.js:275:10)\n    at Function.handle (D:\\college\\third year\\arch\\Blossom\\server\\node_modules\\express\\lib\\router\\index.js:174:3)\n    at router (D:\\college\\third year\\arch\\Blossom\\server\\node_modules\\express\\lib\\router\\index.js:47:12)\n    at newFn (D:\\college\\third year\\arch\\Blossom\\server\\node_modules\\express-async-errors\\index.js:16:20)\n    at Layer.handle [as handle_request] (D:\\college\\third year\\arch\\Blossom\\server\\node_modules\\express\\lib\\router\\layer.js:95:5)"}
{"message":"Server is listening at port 3000","level":"info"}
{"message":"Successfully connected to the database","level":"info"}
{"message":"Server is listening at port 3000","level":"info"}
{"message":"Successfully connected to the database","level":"info"}
{"message":"Server is listening at port 3000","level":"info"}
{"message":"Successfully connected to the database","level":"info"}
{"message":"Server is listening at port 3000","level":"info"}
{"message":"Successfully connected to the database","level":"info"}
{"message":"Server is listening at port 3000","level":"info"}
{"message":"Successfully connected to the database","level":"info"}
{"level":"error","message":"mongoose is not defined mongoose is not defined","stack":"ReferenceError: mongoose is not defined\n    at Object.getUserInfo (D:\\college\\third year\\arch\\Blossom\\server\\app\\db\\queries\\user.queries.js:42:15)\n    at Object.getUser (D:\\college\\third year\\arch\\Blossom\\server\\app\\services\\user.service.js:14:35)\n    at getUser (D:\\college\\third year\\arch\\Blossom\\server\\app\\controllers\\user.controller.js:14:36)\n    at newFn (D:\\college\\third year\\arch\\Blossom\\server\\node_modules\\express-async-errors\\index.js:16:20)\n    at Layer.handle [as handle_request] (D:\\college\\third year\\arch\\Blossom\\server\\node_modules\\express\\lib\\router\\layer.js:95:5)\n    at next (D:\\college\\third year\\arch\\Blossom\\server\\node_modules\\express\\lib\\router\\route.js:137:13)\n    at Route.dispatch (D:\\college\\third year\\arch\\Blossom\\server\\node_modules\\express\\lib\\router\\route.js:112:3)\n    at newFn (D:\\college\\third year\\arch\\Blossom\\server\\node_modules\\express-async-errors\\index.js:16:20)\n    at Layer.handle [as handle_request] (D:\\college\\third year\\arch\\Blossom\\server\\node_modules\\express\\lib\\router\\layer.js:95:5)\n    at D:\\college\\third year\\arch\\Blossom\\server\\node_modules\\express\\lib\\router\\index.js:281:22\n    at param (D:\\college\\third year\\arch\\Blossom\\server\\node_modules\\express\\lib\\router\\index.js:354:14)\n    at param (D:\\college\\third year\\arch\\Blossom\\server\\node_modules\\express\\lib\\router\\index.js:365:14)\n    at Function.process_params (D:\\college\\third year\\arch\\Blossom\\server\\node_modules\\express\\lib\\router\\index.js:410:3)\n    at next (D:\\college\\third year\\arch\\Blossom\\server\\node_modules\\express\\lib\\router\\index.js:275:10)\n    at Function.handle (D:\\college\\third year\\arch\\Blossom\\server\\node_modules\\express\\lib\\router\\index.js:174:3)\n    at router (D:\\college\\third year\\arch\\Blossom\\server\\node_modules\\express\\lib\\router\\index.js:47:12)"}
{"message":"Server is listening at port 3000","level":"info"}
{"message":"Successfully connected to the database","level":"info"}
{"message":"Server is listening at port 3000","level":"info"}
{"message":"Successfully connected to the database","level":"info"}
{"message":"Server is listening at port 3000","level":"info"}
{"message":"Successfully connected to the database","level":"info"}
{"message":"Server is listening at port 3000","level":"info"}
{"message":"Successfully connected to the database","level":"info"}
{"message":"Server is listening at port 3000","level":"info"}
{"message":"Successfully connected to the database","level":"info"}
{"message":"Server is listening at port 3000","level":"info"}
{"message":"Successfully connected to the database","level":"info"}
{"message":"Server is listening at port 3000","level":"info"}
{"message":"Successfully connected to the database","level":"info"}
{"message":"Server is listening at port 3000","level":"info"}
{"message":"Successfully connected to the database","level":"info"}
{"message":"Server is listening at port 3000","level":"info"}
{"message":"Successfully connected to the database","level":"info"}
{"message":"Server is listening at port 3000","level":"info"}
{"message":"Successfully connected to the database","level":"info"}
{"message":"Server is listening at port 3000","level":"info"}
{"message":"Successfully connected to the database","level":"info"}
{"message":"Server is listening at port 3000","level":"info"}
{"message":"Successfully connected to the database","level":"info"}
{"message":"Server is listening at port 3000","level":"info"}
{"message":"Successfully connected to the database","level":"info"}
{"message":"Server is listening at port 3000","level":"info"}
{"message":"Successfully connected to the database","level":"info"}
{"message":"Server is listening at port 3000","level":"info"}
{"message":"Successfully connected to the database","level":"info"}
{"message":"Server is listening at port 3000","level":"info"}
{"message":"Successfully connected to the database","level":"info"}
{"message":"Server is listening at port 3000","level":"info"}
{"message":"Successfully connected to the database","level":"info"}
{"message":"Server is listening at port 3000","level":"info"}
{"message":"Successfully connected to the database","level":"info"}
{"message":"Server is listening at port 3000","level":"info"}
{"message":"Successfully connected to the database","level":"info"}
{"message":"Server is listening at port 3000","level":"info"}
{"message":"Successfully connected to the database","level":"info"}
{"message":"Server is listening at port 3000","level":"info"}
{"message":"Successfully connected to the database","level":"info"}
{"message":"Server is listening at port 3000","level":"info"}
{"message":"Successfully connected to the database","level":"info"}
{"message":"Server is listening at port 3000","level":"info"}
{"message":"Successfully connected to the database","level":"info"}
{"level":"error","message":"Argument passed in must be a single String of 12 bytes or a string of 24 hex characters Argument passed in must be a single String of 12 bytes or a string of 24 hex characters","stack":"Error: Argument passed in must be a single String of 12 bytes or a string of 24 hex characters\n    at new ObjectID (D:\\college\\third year\\arch\\Blossom\\server\\node_modules\\bson\\lib\\bson\\objectid.js:59:11)\n    at ObjectID [as ObjectId] (D:\\college\\third year\\arch\\Blossom\\server\\node_modules\\bson\\lib\\bson\\objectid.js:40:43)\n    at Object.getUserInfo (D:\\college\\third year\\arch\\Blossom\\server\\app\\db\\queries\\user.queries.js:42:32)\n    at Object.getUser (D:\\college\\third year\\arch\\Blossom\\server\\app\\services\\user.service.js:14:35)\n    at getUser (D:\\college\\third year\\arch\\Blossom\\server\\app\\controllers\\user.controller.js:14:36)\n    at newFn (D:\\college\\third year\\arch\\Blossom\\server\\node_modules\\express-async-errors\\index.js:16:20)\n    at Layer.handle [as handle_request] (D:\\college\\third year\\arch\\Blossom\\server\\node_modules\\express\\lib\\router\\layer.js:95:5)\n    at next (D:\\college\\third year\\arch\\Blossom\\server\\node_modules\\express\\lib\\router\\route.js:137:13)\n    at Route.dispatch (D:\\college\\third year\\arch\\Blossom\\server\\node_modules\\express\\lib\\router\\route.js:112:3)\n    at newFn (D:\\college\\third year\\arch\\Blossom\\server\\node_modules\\express-async-errors\\index.js:16:20)\n    at Layer.handle [as handle_request] (D:\\college\\third year\\arch\\Blossom\\server\\node_modules\\express\\lib\\router\\layer.js:95:5)\n    at D:\\college\\third year\\arch\\Blossom\\server\\node_modules\\express\\lib\\router\\index.js:281:22\n    at param (D:\\college\\third year\\arch\\Blossom\\server\\node_modules\\express\\lib\\router\\index.js:354:14)\n    at param (D:\\college\\third year\\arch\\Blossom\\server\\node_modules\\express\\lib\\router\\index.js:365:14)\n    at Function.process_params (D:\\college\\third year\\arch\\Blossom\\server\\node_modules\\express\\lib\\router\\index.js:410:3)\n    at next (D:\\college\\third year\\arch\\Blossom\\server\\node_modules\\express\\lib\\router\\index.js:275:10)"}
{"message":"Server is listening at port 3000","level":"info"}
{"message":"Successfully connected to the database","level":"info"}
{"level":"error","message":"Argument passed in must be a single String of 12 bytes or a string of 24 hex characters Argument passed in must be a single String of 12 bytes or a string of 24 hex characters","stack":"Error: Argument passed in must be a single String of 12 bytes or a string of 24 hex characters\n    at new ObjectID (D:\\college\\third year\\arch\\Blossom\\server\\node_modules\\bson\\lib\\bson\\objectid.js:59:11)\n    at ObjectID [as ObjectId] (D:\\college\\third year\\arch\\Blossom\\server\\node_modules\\bson\\lib\\bson\\objectid.js:40:43)\n    at Object.getUserInfo (D:\\college\\third year\\arch\\Blossom\\server\\app\\db\\queries\\user.queries.js:42:32)\n    at Object.getUser (D:\\college\\third year\\arch\\Blossom\\server\\app\\services\\user.service.js:14:35)\n    at getUser (D:\\college\\third year\\arch\\Blossom\\server\\app\\controllers\\user.controller.js:14:36)\n    at newFn (D:\\college\\third year\\arch\\Blossom\\server\\node_modules\\express-async-errors\\index.js:16:20)\n    at Layer.handle [as handle_request] (D:\\college\\third year\\arch\\Blossom\\server\\node_modules\\express\\lib\\router\\layer.js:95:5)\n    at next (D:\\college\\third year\\arch\\Blossom\\server\\node_modules\\express\\lib\\router\\route.js:137:13)\n    at Route.dispatch (D:\\college\\third year\\arch\\Blossom\\server\\node_modules\\express\\lib\\router\\route.js:112:3)\n    at newFn (D:\\college\\third year\\arch\\Blossom\\server\\node_modules\\express-async-errors\\index.js:16:20)\n    at Layer.handle [as handle_request] (D:\\college\\third year\\arch\\Blossom\\server\\node_modules\\express\\lib\\router\\layer.js:95:5)\n    at D:\\college\\third year\\arch\\Blossom\\server\\node_modules\\express\\lib\\router\\index.js:281:22\n    at param (D:\\college\\third year\\arch\\Blossom\\server\\node_modules\\express\\lib\\router\\index.js:354:14)\n    at param (D:\\college\\third year\\arch\\Blossom\\server\\node_modules\\express\\lib\\router\\index.js:365:14)\n    at Function.process_params (D:\\college\\third year\\arch\\Blossom\\server\\node_modules\\express\\lib\\router\\index.js:410:3)\n    at next (D:\\college\\third year\\arch\\Blossom\\server\\node_modules\\express\\lib\\router\\index.js:275:10)"}
{"message":"Server is listening at port 3000","level":"info"}
{"message":"Successfully connected to the database","level":"info"}
{"level":"error","message":"qId is not defined qId is not defined","stack":"ReferenceError: qId is not defined\n    at Object.getUserInfo (D:\\college\\third year\\arch\\Blossom\\server\\app\\db\\queries\\user.queries.js:49:21)\n    at Object.getUser (D:\\college\\third year\\arch\\Blossom\\server\\app\\services\\user.service.js:14:35)\n    at getUser (D:\\college\\third year\\arch\\Blossom\\server\\app\\controllers\\user.controller.js:14:36)\n    at newFn (D:\\college\\third year\\arch\\Blossom\\server\\node_modules\\express-async-errors\\index.js:16:20)\n    at Layer.handle [as handle_request] (D:\\college\\third year\\arch\\Blossom\\server\\node_modules\\express\\lib\\router\\layer.js:95:5)\n    at next (D:\\college\\third year\\arch\\Blossom\\server\\node_modules\\express\\lib\\router\\route.js:137:13)\n    at Route.dispatch (D:\\college\\third year\\arch\\Blossom\\server\\node_modules\\express\\lib\\router\\route.js:112:3)\n    at newFn (D:\\college\\third year\\arch\\Blossom\\server\\node_modules\\express-async-errors\\index.js:16:20)\n    at Layer.handle [as handle_request] (D:\\college\\third year\\arch\\Blossom\\server\\node_modules\\express\\lib\\router\\layer.js:95:5)\n    at D:\\college\\third year\\arch\\Blossom\\server\\node_modules\\express\\lib\\router\\index.js:281:22\n    at param (D:\\college\\third year\\arch\\Blossom\\server\\node_modules\\express\\lib\\router\\index.js:354:14)\n    at param (D:\\college\\third year\\arch\\Blossom\\server\\node_modules\\express\\lib\\router\\index.js:365:14)\n    at Function.process_params (D:\\college\\third year\\arch\\Blossom\\server\\node_modules\\express\\lib\\router\\index.js:410:3)\n    at next (D:\\college\\third year\\arch\\Blossom\\server\\node_modules\\express\\lib\\router\\index.js:275:10)\n    at Function.handle (D:\\college\\third year\\arch\\Blossom\\server\\node_modules\\express\\lib\\router\\index.js:174:3)\n    at router (D:\\college\\third year\\arch\\Blossom\\server\\node_modules\\express\\lib\\router\\index.js:47:12)"}
{"message":"Server is listening at port 3000","level":"info"}
{"message":"Successfully connected to the database","level":"info"}
{"message":"Server is listening at port 3000","level":"info"}
{"message":"Successfully connected to the database","level":"info"}
{"message":"Server is listening at port 3000","level":"info"}
{"message":"Successfully connected to the database","level":"info"}
{"stringValue":"\"608d5ea681b2b3245c61805\"","kind":"ObjectId","value":"608d5ea681b2b3245c61805","path":"_id","reason":{},"level":"error","message":"Cast to ObjectId failed for value \"608d5ea681b2b3245c61805\" at path \"_id\" for model \"User\" Cast to ObjectId failed for value \"608d5ea681b2b3245c61805\" at path \"_id\" for model \"User\"","stack":"CastError: Cast to ObjectId failed for value \"608d5ea681b2b3245c61805\" at path \"_id\" for model \"User\"\n    at model.Query.exec (D:\\college\\third year\\arch\\Blossom\\server\\node_modules\\mongoose\\lib\\query.js:4408:21)\n    at model.Query.Query.then (D:\\college\\third year\\arch\\Blossom\\server\\node_modules\\mongoose\\lib\\query.js:4502:15)\n    at process._tickCallback (internal/process/next_tick.js:68:7)"}
{"message":"Server is listening at port 3000","level":"info"}
{"level":"error","message":"Invalid status code: undefined Invalid status code: undefined","stack":"RangeError [ERR_HTTP_INVALID_STATUS_CODE]: Invalid status code: undefined\n    at ServerResponse.writeHead (_http_server.js:209:11)\n    at ServerResponse._implicitHeader (_http_server.js:200:8)\n    at write_ (_http_outgoing.js:585:9)\n    at ServerResponse.end (_http_outgoing.js:702:5)\n    at ServerResponse.send (D:\\college\\third year\\arch\\Blossom\\server\\node_modules\\express\\lib\\response.js:221:10)\n    at deleteUser (D:\\college\\third year\\arch\\Blossom\\server\\app\\controllers\\user.controller.js:34:32)\n    at process._tickCallback (internal/process/next_tick.js:68:7)"}
{"message":"Server is listening at port 3000","level":"info"}
{"message":"Successfully connected to the database","level":"info"}
{"level":"error","message":"Invalid status code: undefined Invalid status code: undefined","stack":"RangeError [ERR_HTTP_INVALID_STATUS_CODE]: Invalid status code: undefined\n    at ServerResponse.writeHead (_http_server.js:209:11)\n    at ServerResponse._implicitHeader (_http_server.js:200:8)\n    at write_ (_http_outgoing.js:585:9)\n    at ServerResponse.end (_http_outgoing.js:702:5)\n    at ServerResponse.send (D:\\college\\third year\\arch\\Blossom\\server\\node_modules\\express\\lib\\response.js:221:10)\n    at deleteUser (D:\\college\\third year\\arch\\Blossom\\server\\app\\controllers\\user.controller.js:34:32)\n    at process._tickCallback (internal/process/next_tick.js:68:7)"}
{"message":"Server is listening at port 3000","level":"info"}
{"message":"Successfully connected to the database","level":"info"}
{"message":"Server is listening at port 3000","level":"info"}
{"message":"Successfully connected to the database","level":"info"}
{"level":"error","message":"token is not defined token is not defined","stack":"ReferenceError: token is not defined\n    at deleteUser (D:\\college\\third year\\arch\\Blossom\\server\\app\\controllers\\user.controller.js:32:35)\n    at process._tickCallback (internal/process/next_tick.js:68:7)"}
{"message":"Server is listening at port 3000","level":"info"}
{"message":"Successfully connected to the database","level":"info"}
